2023-04-17 13:55:36,042 [Worker-6: Loading available Gradle versions] INFO  o.e.b.c.i.u.g.PublishedGradleVersions - Gradle version information cache is up-to-date. Trying to read.
2023-04-17 13:57:24,462 [Worker-1: Loading available Gradle versions] INFO  o.e.b.c.i.u.g.PublishedGradleVersions - Gradle version information cache is up-to-date. Trying to read.
2023-04-17 14:01:01,361 [Worker-21: Building] INFO  o.e.m.c.i.l.LifecycleMappingFactory - Using org.eclipse.m2e.jdt.JarLifecycleMapping lifecycle mapping for MavenProject: Admin-Demo:Admin-Demo:0.0.1-SNAPSHOT @ C:\Users\ShankarMadhavraoBhos\eclipse-workspace\Admin-Demo\Admin-Demo\pom.xml.
2023-04-17 14:01:01,775 [Worker-21: Building] WARN  o.e.m.c.i.embedder.EclipseLogger - The POM for SeleniumCucumber:SeleniumCucumber:jar:0.0.1-SNAPSHOT is missing, no dependency information available
2023-04-17 14:01:01,810 [Worker-21: Building] WARN  o.e.m.c.i.embedder.EclipseLogger - The artifact info.cukes:cucumber-junit:pom:1.2.6 has been relocated to io.cucumber:cucumber-junit:pom:1.2.6
2023-04-17 14:01:02,342 [Worker-21: Building] WARN  o.e.m.c.i.embedder.EclipseLogger - Using platform encoding (UTF-8 actually) to copy filtered resources, i.e. build is platform dependent!
2023-04-17 14:01:02,352 [Worker-21: Building] INFO  o.e.m.c.i.embedder.EclipseLogger - Copying 0 resource
2023-04-17 14:01:02,358 [Worker-21: Building] WARN  o.e.m.c.i.embedder.EclipseLogger - Using platform encoding (UTF-8 actually) to copy filtered resources, i.e. build is platform dependent!
2023-04-17 14:01:02,367 [Worker-21: Building] INFO  o.e.m.c.i.embedder.EclipseLogger - Copying 2 resources
2023-04-17 14:01:37,948 [Worker-23: Building] INFO  o.e.m.c.i.l.LifecycleMappingFactory - Using org.eclipse.m2e.jdt.JarLifecycleMapping lifecycle mapping for MavenProject: Admin-Demo:Admin-Demo:0.0.1-SNAPSHOT @ C:\Users\ShankarMadhavraoBhos\eclipse-workspace\Admin-Demo\Admin-Demo\pom.xml.
2023-04-17 14:01:38,228 [Worker-23: Building] WARN  o.e.m.c.i.embedder.EclipseLogger - The artifact info.cukes:cucumber-junit:pom:1.2.6 has been relocated to io.cucumber:cucumber-junit:pom:1.2.6
2023-04-17 14:01:38,531 [Worker-23: Building] WARN  o.e.m.c.i.embedder.EclipseLogger - Using platform encoding (UTF-8 actually) to copy filtered resources, i.e. build is platform dependent!
2023-04-17 14:01:38,538 [Worker-23: Building] INFO  o.e.m.c.i.embedder.EclipseLogger - Copying 0 resource
2023-04-17 14:01:38,541 [Worker-23: Building] WARN  o.e.m.c.i.embedder.EclipseLogger - Using platform encoding (UTF-8 actually) to copy filtered resources, i.e. build is platform dependent!
2023-04-17 14:01:38,549 [Worker-23: Building] INFO  o.e.m.c.i.embedder.EclipseLogger - Copying 0 resource
2023-04-17 14:02:18,005 [Worker-23: Building] INFO  o.e.m.c.i.l.LifecycleMappingFactory - Using org.eclipse.m2e.jdt.JarLifecycleMapping lifecycle mapping for MavenProject: Admin-Demo:Admin-Demo:0.0.1-SNAPSHOT @ C:\Users\ShankarMadhavraoBhos\eclipse-workspace\Admin-Demo\Admin-Demo\pom.xml.
2023-04-17 14:02:18,249 [Worker-23: Building] WARN  o.e.m.c.i.embedder.EclipseLogger - The POM for SeleniumCucumber:SeleniumCucumber:jar:0.0.1-SNAPSHOT is missing, no dependency information available
2023-04-17 14:02:18,260 [Worker-23: Building] WARN  o.e.m.c.i.embedder.EclipseLogger - The artifact info.cukes:cucumber-junit:pom:1.2.6 has been relocated to io.cucumber:cucumber-junit:pom:1.2.6
2023-04-17 14:02:18,620 [Worker-23: Building] WARN  o.e.m.c.i.embedder.EclipseLogger - Using platform encoding (UTF-8 actually) to copy filtered resources, i.e. build is platform dependent!
2023-04-17 14:02:18,626 [Worker-23: Building] INFO  o.e.m.c.i.embedder.EclipseLogger - Copying 0 resource
2023-04-17 14:02:18,629 [Worker-23: Building] WARN  o.e.m.c.i.embedder.EclipseLogger - Using platform encoding (UTF-8 actually) to copy filtered resources, i.e. build is platform dependent!
2023-04-17 14:02:18,633 [Worker-23: Building] INFO  o.e.m.c.i.embedder.EclipseLogger - Copying 0 resource
2023-04-17 14:02:48,991 [Worker-23: Building] INFO  o.e.m.c.i.l.LifecycleMappingFactory - Using org.eclipse.m2e.jdt.JarLifecycleMapping lifecycle mapping for MavenProject: Admin-Demo:Admin-Demo:0.0.1-SNAPSHOT @ C:\Users\ShankarMadhavraoBhos\eclipse-workspace\Admin-Demo\Admin-Demo\pom.xml.
2023-04-17 14:02:49,182 [Worker-23: Building] WARN  o.e.m.c.i.embedder.EclipseLogger - The artifact info.cukes:cucumber-junit:pom:1.2.6 has been relocated to io.cucumber:cucumber-junit:pom:1.2.6
2023-04-17 14:02:49,530 [Worker-23: Building] WARN  o.e.m.c.i.embedder.EclipseLogger - Using platform encoding (UTF-8 actually) to copy filtered resources, i.e. build is platform dependent!
2023-04-17 14:02:49,538 [Worker-23: Building] INFO  o.e.m.c.i.embedder.EclipseLogger - Copying 0 resource
2023-04-17 14:02:49,540 [Worker-23: Building] WARN  o.e.m.c.i.embedder.EclipseLogger - Using platform encoding (UTF-8 actually) to copy filtered resources, i.e. build is platform dependent!
2023-04-17 14:02:49,547 [Worker-23: Building] INFO  o.e.m.c.i.embedder.EclipseLogger - Copying 0 resource
2023-04-17 14:06:54,581 [Worker-1: Loading available Gradle versions] INFO  o.e.b.c.i.u.g.PublishedGradleVersions - Gradle version information cache is up-to-date. Trying to read.
2023-04-17 14:06:55,585 [Worker-6: reload maven project] WARN  o.e.m.c.i.embedder.EclipseLogger - The artifact info.cukes:cucumber-junit:pom:1.2.6 has been relocated to io.cucumber:cucumber-junit:pom:1.2.6
2023-04-17 14:09:15,369 [Worker-23: Building] INFO  o.e.m.c.i.l.LifecycleMappingFactory - Using org.eclipse.m2e.jdt.JarLifecycleMapping lifecycle mapping for MavenProject: Admin-Demo:Admin-Demo:0.0.1-SNAPSHOT @ C:\Users\ShankarMadhavraoBhos\eclipse-workspace\Admin-Demo\Admin-Demo\pom.xml.
2023-04-17 14:09:15,576 [Worker-23: Building] WARN  o.e.m.c.i.embedder.EclipseLogger - The POM for SeleniumCucumber:SeleniumCucumber:jar:0.0.1-SNAPSHOT is missing, no dependency information available
2023-04-17 14:09:15,731 [Worker-23: Building] WARN  o.e.m.c.i.embedder.EclipseLogger - The artifact info.cukes:cucumber-junit:pom:1.2.6 has been relocated to io.cucumber:cucumber-junit:pom:1.2.6
2023-04-17 14:09:16,194 [Worker-23: Building] WARN  o.e.m.c.i.embedder.EclipseLogger - Using platform encoding (UTF-8 actually) to copy filtered resources, i.e. build is platform dependent!
2023-04-17 14:09:16,202 [Worker-23: Building] INFO  o.e.m.c.i.embedder.EclipseLogger - Copying 0 resource
2023-04-17 14:09:16,205 [Worker-23: Building] WARN  o.e.m.c.i.embedder.EclipseLogger - Using platform encoding (UTF-8 actually) to copy filtered resources, i.e. build is platform dependent!
2023-04-17 14:09:16,214 [Worker-23: Building] INFO  o.e.m.c.i.embedder.EclipseLogger - Copying 2 resources
2023-04-17 14:14:17,491 [Worker-27: Launching Executing install in C__Users_ShankarMadhavraoBhos_eclipse-workspace_Admin-Demo_Admin-Demo] INFO  o.eclipse.m2e.core.internal.Bundles - getClasspathEntries(Bundle=org.eclipse.m2e.maven.runtime_3.8.701.20230209-1606 [271])
2023-04-17 14:14:17,495 [Worker-27: Launching Executing install in C__Users_ShankarMadhavraoBhos_eclipse-workspace_Admin-Demo_Admin-Demo] INFO  o.eclipse.m2e.core.internal.Bundles - 	Entry: C:\Users\ShankarMadhavraoBhos\.p2\pool\plugins\org.eclipse.m2e.maven.runtime_3.8.701.20230209-1606
2023-04-17 14:14:17,496 [Worker-27: Launching Executing install in C__Users_ShankarMadhavraoBhos_eclipse-workspace_Admin-Demo_Admin-Demo] INFO  o.eclipse.m2e.core.internal.Bundles - 	Entry: C:\Users\ShankarMadhavraoBhos\.p2\pool\plugins\org.eclipse.m2e.maven.runtime_3.8.701.20230209-1606\jars\aether-connector-okhttp-0.17.8.jar
2023-04-17 14:14:17,496 [Worker-27: Launching Executing install in C__Users_ShankarMadhavraoBhos_eclipse-workspace_Admin-Demo_Admin-Demo] INFO  o.eclipse.m2e.core.internal.Bundles - 	Entry: C:\Users\ShankarMadhavraoBhos\.p2\pool\plugins\org.eclipse.m2e.maven.runtime_3.8.701.20230209-1606\jars\commons-lang3-3.8.1.jar
2023-04-17 14:14:17,496 [Worker-27: Launching Executing install in C__Users_ShankarMadhavraoBhos_eclipse-workspace_Admin-Demo_Admin-Demo] INFO  o.eclipse.m2e.core.internal.Bundles - 	Entry: C:\Users\ShankarMadhavraoBhos\.p2\pool\plugins\org.eclipse.m2e.maven.runtime_3.8.701.20230209-1606\jars\guice-4.2.2-no_aop.jar
2023-04-17 14:14:17,497 [Worker-27: Launching Executing install in C__Users_ShankarMadhavraoBhos_eclipse-workspace_Admin-Demo_Admin-Demo] INFO  o.eclipse.m2e.core.internal.Bundles - 	Entry: C:\Users\ShankarMadhavraoBhos\.p2\pool\plugins\org.eclipse.m2e.maven.runtime_3.8.701.20230209-1606\jars\jansi-2.4.0.jar
2023-04-17 14:14:17,497 [Worker-27: Launching Executing install in C__Users_ShankarMadhavraoBhos_eclipse-workspace_Admin-Demo_Admin-Demo] INFO  o.eclipse.m2e.core.internal.Bundles - 	Entry: C:\Users\ShankarMadhavraoBhos\.p2\pool\plugins\org.eclipse.m2e.maven.runtime_3.8.701.20230209-1606\jars\maven-artifact-3.8.7.jar
2023-04-17 14:14:17,497 [Worker-27: Launching Executing install in C__Users_ShankarMadhavraoBhos_eclipse-workspace_Admin-Demo_Admin-Demo] INFO  o.eclipse.m2e.core.internal.Bundles - 	Entry: C:\Users\ShankarMadhavraoBhos\.p2\pool\plugins\org.eclipse.m2e.maven.runtime_3.8.701.20230209-1606\jars\maven-builder-support-3.8.7.jar
2023-04-17 14:14:17,497 [Worker-27: Launching Executing install in C__Users_ShankarMadhavraoBhos_eclipse-workspace_Admin-Demo_Admin-Demo] INFO  o.eclipse.m2e.core.internal.Bundles - 	Entry: C:\Users\ShankarMadhavraoBhos\.p2\pool\plugins\org.eclipse.m2e.maven.runtime_3.8.701.20230209-1606\jars\maven-compat-3.8.7.jar
2023-04-17 14:14:17,497 [Worker-27: Launching Executing install in C__Users_ShankarMadhavraoBhos_eclipse-workspace_Admin-Demo_Admin-Demo] INFO  o.eclipse.m2e.core.internal.Bundles - 	Entry: C:\Users\ShankarMadhavraoBhos\.p2\pool\plugins\org.eclipse.m2e.maven.runtime_3.8.701.20230209-1606\jars\maven-core-3.8.7.jar
2023-04-17 14:14:17,498 [Worker-27: Launching Executing install in C__Users_ShankarMadhavraoBhos_eclipse-workspace_Admin-Demo_Admin-Demo] INFO  o.eclipse.m2e.core.internal.Bundles - 	Entry: C:\Users\ShankarMadhavraoBhos\.p2\pool\plugins\org.eclipse.m2e.maven.runtime_3.8.701.20230209-1606\jars\maven-embedder-3.8.7.jar
2023-04-17 14:14:17,498 [Worker-27: Launching Executing install in C__Users_ShankarMadhavraoBhos_eclipse-workspace_Admin-Demo_Admin-Demo] INFO  o.eclipse.m2e.core.internal.Bundles - 	Entry: C:\Users\ShankarMadhavraoBhos\.p2\pool\plugins\org.eclipse.m2e.maven.runtime_3.8.701.20230209-1606\jars\maven-model-3.8.7.jar
2023-04-17 14:14:17,498 [Worker-27: Launching Executing install in C__Users_ShankarMadhavraoBhos_eclipse-workspace_Admin-Demo_Admin-Demo] INFO  o.eclipse.m2e.core.internal.Bundles - 	Entry: C:\Users\ShankarMadhavraoBhos\.p2\pool\plugins\org.eclipse.m2e.maven.runtime_3.8.701.20230209-1606\jars\maven-model-builder-3.8.7.jar
2023-04-17 14:14:17,498 [Worker-27: Launching Executing install in C__Users_ShankarMadhavraoBhos_eclipse-workspace_Admin-Demo_Admin-Demo] INFO  o.eclipse.m2e.core.internal.Bundles - 	Entry: C:\Users\ShankarMadhavraoBhos\.p2\pool\plugins\org.eclipse.m2e.maven.runtime_3.8.701.20230209-1606\jars\maven-plugin-api-3.8.7.jar
2023-04-17 14:14:17,498 [Worker-27: Launching Executing install in C__Users_ShankarMadhavraoBhos_eclipse-workspace_Admin-Demo_Admin-Demo] INFO  o.eclipse.m2e.core.internal.Bundles - 	Entry: C:\Users\ShankarMadhavraoBhos\.p2\pool\plugins\org.eclipse.m2e.maven.runtime_3.8.701.20230209-1606\jars\maven-repository-metadata-3.8.7.jar
2023-04-17 14:14:17,499 [Worker-27: Launching Executing install in C__Users_ShankarMadhavraoBhos_eclipse-workspace_Admin-Demo_Admin-Demo] INFO  o.eclipse.m2e.core.internal.Bundles - 	Entry: C:\Users\ShankarMadhavraoBhos\.p2\pool\plugins\org.eclipse.m2e.maven.runtime_3.8.701.20230209-1606\jars\maven-resolver-api-1.6.3.jar
2023-04-17 14:14:17,499 [Worker-27: Launching Executing install in C__Users_ShankarMadhavraoBhos_eclipse-workspace_Admin-Demo_Admin-Demo] INFO  o.eclipse.m2e.core.internal.Bundles - 	Entry: C:\Users\ShankarMadhavraoBhos\.p2\pool\plugins\org.eclipse.m2e.maven.runtime_3.8.701.20230209-1606\jars\maven-resolver-connector-basic-1.6.3.jar
2023-04-17 14:14:17,499 [Worker-27: Launching Executing install in C__Users_ShankarMadhavraoBhos_eclipse-workspace_Admin-Demo_Admin-Demo] INFO  o.eclipse.m2e.core.internal.Bundles - 	Entry: C:\Users\ShankarMadhavraoBhos\.p2\pool\plugins\org.eclipse.m2e.maven.runtime_3.8.701.20230209-1606\jars\maven-resolver-impl-1.6.3.jar
2023-04-17 14:14:17,499 [Worker-27: Launching Executing install in C__Users_ShankarMadhavraoBhos_eclipse-workspace_Admin-Demo_Admin-Demo] INFO  o.eclipse.m2e.core.internal.Bundles - 	Entry: C:\Users\ShankarMadhavraoBhos\.p2\pool\plugins\org.eclipse.m2e.maven.runtime_3.8.701.20230209-1606\jars\maven-resolver-provider-3.8.7.jar
2023-04-17 14:14:17,499 [Worker-27: Launching Executing install in C__Users_ShankarMadhavraoBhos_eclipse-workspace_Admin-Demo_Admin-Demo] INFO  o.eclipse.m2e.core.internal.Bundles - 	Entry: C:\Users\ShankarMadhavraoBhos\.p2\pool\plugins\org.eclipse.m2e.maven.runtime_3.8.701.20230209-1606\jars\maven-resolver-spi-1.6.3.jar
2023-04-17 14:14:17,499 [Worker-27: Launching Executing install in C__Users_ShankarMadhavraoBhos_eclipse-workspace_Admin-Demo_Admin-Demo] INFO  o.eclipse.m2e.core.internal.Bundles - 	Entry: C:\Users\ShankarMadhavraoBhos\.p2\pool\plugins\org.eclipse.m2e.maven.runtime_3.8.701.20230209-1606\jars\maven-resolver-transport-wagon-1.6.3.jar
2023-04-17 14:14:17,499 [Worker-27: Launching Executing install in C__Users_ShankarMadhavraoBhos_eclipse-workspace_Admin-Demo_Admin-Demo] INFO  o.eclipse.m2e.core.internal.Bundles - 	Entry: C:\Users\ShankarMadhavraoBhos\.p2\pool\plugins\org.eclipse.m2e.maven.runtime_3.8.701.20230209-1606\jars\maven-resolver-util-1.6.3.jar
2023-04-17 14:14:17,500 [Worker-27: Launching Executing install in C__Users_ShankarMadhavraoBhos_eclipse-workspace_Admin-Demo_Admin-Demo] INFO  o.eclipse.m2e.core.internal.Bundles - 	Entry: C:\Users\ShankarMadhavraoBhos\.p2\pool\plugins\org.eclipse.m2e.maven.runtime_3.8.701.20230209-1606\jars\maven-settings-3.8.7.jar
2023-04-17 14:14:17,500 [Worker-27: Launching Executing install in C__Users_ShankarMadhavraoBhos_eclipse-workspace_Admin-Demo_Admin-Demo] INFO  o.eclipse.m2e.core.internal.Bundles - 	Entry: C:\Users\ShankarMadhavraoBhos\.p2\pool\plugins\org.eclipse.m2e.maven.runtime_3.8.701.20230209-1606\jars\maven-settings-builder-3.8.7.jar
2023-04-17 14:14:17,500 [Worker-27: Launching Executing install in C__Users_ShankarMadhavraoBhos_eclipse-workspace_Admin-Demo_Admin-Demo] INFO  o.eclipse.m2e.core.internal.Bundles - 	Entry: C:\Users\ShankarMadhavraoBhos\.p2\pool\plugins\org.eclipse.m2e.maven.runtime_3.8.701.20230209-1606\jars\maven-shared-utils-3.3.4.jar
2023-04-17 14:14:17,500 [Worker-27: Launching Executing install in C__Users_ShankarMadhavraoBhos_eclipse-workspace_Admin-Demo_Admin-Demo] INFO  o.eclipse.m2e.core.internal.Bundles - 	Entry: C:\Users\ShankarMadhavraoBhos\.p2\pool\plugins\org.eclipse.m2e.maven.runtime_3.8.701.20230209-1606\jars\okhttp-3.14.1.jar
2023-04-17 14:14:17,500 [Worker-27: Launching Executing install in C__Users_ShankarMadhavraoBhos_eclipse-workspace_Admin-Demo_Admin-Demo] INFO  o.eclipse.m2e.core.internal.Bundles - 	Entry: C:\Users\ShankarMadhavraoBhos\.p2\pool\plugins\org.eclipse.m2e.maven.runtime_3.8.701.20230209-1606\jars\okio-1.17.3.jar
2023-04-17 14:14:17,500 [Worker-27: Launching Executing install in C__Users_ShankarMadhavraoBhos_eclipse-workspace_Admin-Demo_Admin-Demo] INFO  o.eclipse.m2e.core.internal.Bundles - 	Entry: C:\Users\ShankarMadhavraoBhos\.p2\pool\plugins\org.eclipse.m2e.maven.runtime_3.8.701.20230209-1606\jars\org.eclipse.sisu.inject-0.3.5.jar
2023-04-17 14:14:17,500 [Worker-27: Launching Executing install in C__Users_ShankarMadhavraoBhos_eclipse-workspace_Admin-Demo_Admin-Demo] INFO  o.eclipse.m2e.core.internal.Bundles - 	Entry: C:\Users\ShankarMadhavraoBhos\.p2\pool\plugins\org.eclipse.m2e.maven.runtime_3.8.701.20230209-1606\jars\org.eclipse.sisu.plexus-0.3.5.jar
2023-04-17 14:14:17,501 [Worker-27: Launching Executing install in C__Users_ShankarMadhavraoBhos_eclipse-workspace_Admin-Demo_Admin-Demo] INFO  o.eclipse.m2e.core.internal.Bundles - 	Entry: C:\Users\ShankarMadhavraoBhos\.p2\pool\plugins\org.eclipse.m2e.maven.runtime_3.8.701.20230209-1606\jars\plexus-build-api-0.0.7.jar
2023-04-17 14:14:17,501 [Worker-27: Launching Executing install in C__Users_ShankarMadhavraoBhos_eclipse-workspace_Admin-Demo_Admin-Demo] INFO  o.eclipse.m2e.core.internal.Bundles - 	Entry: C:\Users\ShankarMadhavraoBhos\.p2\pool\plugins\org.eclipse.m2e.maven.runtime_3.8.701.20230209-1606\jars\plexus-cipher-2.0.jar
2023-04-17 14:14:17,501 [Worker-27: Launching Executing install in C__Users_ShankarMadhavraoBhos_eclipse-workspace_Admin-Demo_Admin-Demo] INFO  o.eclipse.m2e.core.internal.Bundles - 	Entry: C:\Users\ShankarMadhavraoBhos\.p2\pool\plugins\org.eclipse.m2e.maven.runtime_3.8.701.20230209-1606\jars\plexus-classworlds-2.6.0.jar
2023-04-17 14:14:17,501 [Worker-27: Launching Executing install in C__Users_ShankarMadhavraoBhos_eclipse-workspace_Admin-Demo_Admin-Demo] INFO  o.eclipse.m2e.core.internal.Bundles - 	Entry: C:\Users\ShankarMadhavraoBhos\.p2\pool\plugins\org.eclipse.m2e.maven.runtime_3.8.701.20230209-1606\jars\plexus-component-annotations-2.1.0.jar
2023-04-17 14:14:17,501 [Worker-27: Launching Executing install in C__Users_ShankarMadhavraoBhos_eclipse-workspace_Admin-Demo_Admin-Demo] INFO  o.eclipse.m2e.core.internal.Bundles - 	Entry: C:\Users\ShankarMadhavraoBhos\.p2\pool\plugins\org.eclipse.m2e.maven.runtime_3.8.701.20230209-1606\jars\plexus-interpolation-1.26.jar
2023-04-17 14:14:17,501 [Worker-27: Launching Executing install in C__Users_ShankarMadhavraoBhos_eclipse-workspace_Admin-Demo_Admin-Demo] INFO  o.eclipse.m2e.core.internal.Bundles - 	Entry: C:\Users\ShankarMadhavraoBhos\.p2\pool\plugins\org.eclipse.m2e.maven.runtime_3.8.701.20230209-1606\jars\plexus-sec-dispatcher-2.0.jar
2023-04-17 14:14:17,502 [Worker-27: Launching Executing install in C__Users_ShankarMadhavraoBhos_eclipse-workspace_Admin-Demo_Admin-Demo] INFO  o.eclipse.m2e.core.internal.Bundles - 	Entry: C:\Users\ShankarMadhavraoBhos\.p2\pool\plugins\org.eclipse.m2e.maven.runtime_3.8.701.20230209-1606\jars\plexus-utils-3.3.1.jar
2023-04-17 14:14:17,502 [Worker-27: Launching Executing install in C__Users_ShankarMadhavraoBhos_eclipse-workspace_Admin-Demo_Admin-Demo] INFO  o.eclipse.m2e.core.internal.Bundles - 	Entry: C:\Users\ShankarMadhavraoBhos\.p2\pool\plugins\org.eclipse.m2e.maven.runtime_3.8.701.20230209-1606\jars\wagon-file-3.5.3.jar
2023-04-17 14:14:17,502 [Worker-27: Launching Executing install in C__Users_ShankarMadhavraoBhos_eclipse-workspace_Admin-Demo_Admin-Demo] INFO  o.eclipse.m2e.core.internal.Bundles - 	Entry: C:\Users\ShankarMadhavraoBhos\.p2\pool\plugins\org.eclipse.m2e.maven.runtime_3.8.701.20230209-1606\jars\wagon-provider-api-3.5.3.jar
2023-04-17 14:14:17,504 [Worker-27: Launching Executing install in C__Users_ShankarMadhavraoBhos_eclipse-workspace_Admin-Demo_Admin-Demo] INFO  o.eclipse.m2e.core.internal.Bundles - getClasspathEntries(Bundle=com.google.guava_31.1.0.jre [9])
2023-04-17 14:14:17,504 [Worker-27: Launching Executing install in C__Users_ShankarMadhavraoBhos_eclipse-workspace_Admin-Demo_Admin-Demo] INFO  o.eclipse.m2e.core.internal.Bundles - 	Entry: C:\Users\ShankarMadhavraoBhos\.p2\pool\plugins\com.google.guava_31.1.0.jre.jar
2023-04-17 14:14:17,505 [Worker-27: Launching Executing install in C__Users_ShankarMadhavraoBhos_eclipse-workspace_Admin-Demo_Admin-Demo] INFO  o.eclipse.m2e.core.internal.Bundles - getClasspathEntries(Bundle=slf4j.api_1.7.36 [439])
2023-04-17 14:14:17,506 [Worker-27: Launching Executing install in C__Users_ShankarMadhavraoBhos_eclipse-workspace_Admin-Demo_Admin-Demo] INFO  o.eclipse.m2e.core.internal.Bundles - 	Entry: C:\Users\ShankarMadhavraoBhos\.p2\pool\plugins\slf4j.api_1.7.36.jar
2023-04-17 14:14:17,506 [Worker-27: Launching Executing install in C__Users_ShankarMadhavraoBhos_eclipse-workspace_Admin-Demo_Admin-Demo] INFO  o.eclipse.m2e.core.internal.Bundles - getClasspathEntries(Bundle=javax.inject_1.0.0.v20220405-0441 [21])
2023-04-17 14:14:17,507 [Worker-27: Launching Executing install in C__Users_ShankarMadhavraoBhos_eclipse-workspace_Admin-Demo_Admin-Demo] INFO  o.eclipse.m2e.core.internal.Bundles - 	Entry: C:\Users\ShankarMadhavraoBhos\.p2\pool\plugins\javax.inject_1.0.0.v20220405-0441.jar
2023-04-17 14:14:17,507 [Worker-27: Launching Executing install in C__Users_ShankarMadhavraoBhos_eclipse-workspace_Admin-Demo_Admin-Demo] INFO  o.eclipse.m2e.core.internal.Bundles - getClasspathEntries(Bundle=javax.annotation_1.3.5.v20221203-1659 [19])
2023-04-17 14:14:17,509 [Worker-27: Launching Executing install in C__Users_ShankarMadhavraoBhos_eclipse-workspace_Admin-Demo_Admin-Demo] INFO  o.eclipse.m2e.core.internal.Bundles - 	Entry: C:\Users\ShankarMadhavraoBhos\.p2\pool\plugins\javax.annotation_1.3.5.v20221203-1659.jar
2023-04-17 14:14:17,509 [Worker-27: Launching Executing install in C__Users_ShankarMadhavraoBhos_eclipse-workspace_Admin-Demo_Admin-Demo] INFO  o.eclipse.m2e.core.internal.Bundles - getClasspathEntries(Bundle=org.apache.commons.cli_1.4.0.v20221112-0806 [41])
2023-04-17 14:14:17,510 [Worker-27: Launching Executing install in C__Users_ShankarMadhavraoBhos_eclipse-workspace_Admin-Demo_Admin-Demo] INFO  o.eclipse.m2e.core.internal.Bundles - 	Entry: C:\Users\ShankarMadhavraoBhos\.p2\pool\plugins\org.apache.commons.cli_1.4.0.v20221112-0806.jar
2023-04-17 14:14:17,510 [Worker-27: Launching Executing install in C__Users_ShankarMadhavraoBhos_eclipse-workspace_Admin-Demo_Admin-Demo] INFO  o.eclipse.m2e.core.internal.Bundles - getClasspathEntries(Bundle=com.google.guava.failureaccess_1.0.1 [11])
2023-04-17 14:14:17,511 [Worker-27: Launching Executing install in C__Users_ShankarMadhavraoBhos_eclipse-workspace_Admin-Demo_Admin-Demo] INFO  o.eclipse.m2e.core.internal.Bundles - 	Entry: C:\Users\ShankarMadhavraoBhos\.p2\pool\plugins\com.google.guava.failureaccess_1.0.1.jar
2023-04-17 14:14:17,522 [Worker-27: Launching Executing install in C__Users_ShankarMadhavraoBhos_eclipse-workspace_Admin-Demo_Admin-Demo] INFO  o.e.m.i.launch.MavenLaunchDelegate - Run build in "C:\Users\ShankarMadhavraoBhos\eclipse-workspace\Admin-Demo\Admin-Demo":
2023-04-17 14:14:17,525 [Worker-27: Launching Executing install in C__Users_ShankarMadhavraoBhos_eclipse-workspace_Admin-Demo_Admin-Demo] INFO  o.e.m.i.launch.MavenLaunchDelegate -  mvn  -B -Dstyle.color=always install
2023-04-17 14:14:42,971 [Worker-31: Building] INFO  o.e.m.c.i.l.LifecycleMappingFactory - Using org.eclipse.m2e.jdt.JarLifecycleMapping lifecycle mapping for MavenProject: Admin-Demo:Admin-Demo:0.0.1-SNAPSHOT @ C:\Users\ShankarMadhavraoBhos\eclipse-workspace\Admin-Demo\Admin-Demo\pom.xml.
2023-04-17 14:14:43,222 [Worker-31: Building] WARN  o.e.m.c.i.embedder.EclipseLogger - The artifact info.cukes:cucumber-junit:pom:1.2.6 has been relocated to io.cucumber:cucumber-junit:pom:1.2.6
2023-04-17 14:14:43,529 [Worker-31: Building] WARN  o.e.m.c.i.embedder.EclipseLogger - Using platform encoding (UTF-8 actually) to copy filtered resources, i.e. build is platform dependent!
2023-04-17 14:14:43,536 [Worker-31: Building] INFO  o.e.m.c.i.embedder.EclipseLogger - Copying 0 resource
2023-04-17 14:14:43,540 [Worker-31: Building] WARN  o.e.m.c.i.embedder.EclipseLogger - Using platform encoding (UTF-8 actually) to copy filtered resources, i.e. build is platform dependent!
2023-04-17 14:14:43,545 [Worker-31: Building] INFO  o.e.m.c.i.embedder.EclipseLogger - Copying 0 resource
2023-04-17 14:14:53,524 [main] INFO  o.e.m2e.actions.ExecutePomAction - Creating new launch configuration
2023-04-17 14:18:04,997 [Worker-31: Building] INFO  o.e.m.c.i.l.LifecycleMappingFactory - Using org.eclipse.m2e.jdt.JarLifecycleMapping lifecycle mapping for MavenProject: Admin-Demo:Admin-Demo:0.0.1-SNAPSHOT @ C:\Users\ShankarMadhavraoBhos\eclipse-workspace\Admin-Demo\Admin-Demo\pom.xml.
2023-04-17 14:18:05,133 [Worker-31: Building] WARN  o.e.m.c.i.embedder.EclipseLogger - The POM for SeleniumCucumber:SeleniumCucumber:jar:0.0.1-SNAPSHOT is missing, no dependency information available
2023-04-17 14:18:05,269 [Worker-31: Building] WARN  o.e.m.c.i.embedder.EclipseLogger - The artifact info.cukes:cucumber-junit:pom:1.2.6 has been relocated to io.cucumber:cucumber-junit:pom:1.2.6
2023-04-17 14:18:05,544 [Worker-31: Building] WARN  o.e.m.c.i.embedder.EclipseLogger - Using platform encoding (UTF-8 actually) to copy filtered resources, i.e. build is platform dependent!
2023-04-17 14:18:05,553 [Worker-31: Building] INFO  o.e.m.c.i.embedder.EclipseLogger - Copying 0 resource
2023-04-17 14:18:05,556 [Worker-31: Building] WARN  o.e.m.c.i.embedder.EclipseLogger - Using platform encoding (UTF-8 actually) to copy filtered resources, i.e. build is platform dependent!
2023-04-17 14:18:05,564 [Worker-31: Building] INFO  o.e.m.c.i.embedder.EclipseLogger - Copying 0 resource
2023-04-17 14:29:27,553 [Worker-39: Building] INFO  o.e.m.c.i.l.LifecycleMappingFactory - Using org.eclipse.m2e.jdt.JarLifecycleMapping lifecycle mapping for MavenProject: Admin-Demo:Admin-Demo:0.0.1-SNAPSHOT @ C:\Users\ShankarMadhavraoBhos\eclipse-workspace\Admin-Demo\Admin-Demo\pom.xml.
2023-04-17 14:29:27,686 [Worker-39: Building] WARN  o.e.m.c.i.embedder.EclipseLogger - The POM for SeleniumCucumber:SeleniumCucumber:jar:0.0.1-SNAPSHOT is missing, no dependency information available
2023-04-17 14:29:27,819 [Worker-39: Building] WARN  o.e.m.c.i.embedder.EclipseLogger - The artifact info.cukes:cucumber-junit:pom:1.2.6 has been relocated to io.cucumber:cucumber-junit:pom:1.2.6
2023-04-17 14:29:28,131 [Worker-39: Building] WARN  o.e.m.c.i.embedder.EclipseLogger - Using platform encoding (UTF-8 actually) to copy filtered resources, i.e. build is platform dependent!
2023-04-17 14:29:28,137 [Worker-39: Building] INFO  o.e.m.c.i.embedder.EclipseLogger - Copying 0 resource
2023-04-17 14:29:28,140 [Worker-39: Building] WARN  o.e.m.c.i.embedder.EclipseLogger - Using platform encoding (UTF-8 actually) to copy filtered resources, i.e. build is platform dependent!
2023-04-17 14:29:28,148 [Worker-39: Building] INFO  o.e.m.c.i.embedder.EclipseLogger - Copying 0 resource
2023-04-17 14:34:07,114 [Worker-39: Building] WARN  o.e.m.c.i.embedder.EclipseLogger - Using platform encoding (UTF-8 actually) to copy filtered resources, i.e. build is platform dependent!
2023-04-17 14:34:07,121 [Worker-39: Building] INFO  o.e.m.c.i.embedder.EclipseLogger - Copying 0 resource
2023-04-17 14:34:07,123 [Worker-39: Building] WARN  o.e.m.c.i.embedder.EclipseLogger - Using platform encoding (UTF-8 actually) to copy filtered resources, i.e. build is platform dependent!
2023-04-17 14:34:07,131 [Worker-39: Building] INFO  o.e.m.c.i.embedder.EclipseLogger - Copying 0 resource
2023-04-17 14:35:47,501 [Worker-47: Building] WARN  o.e.m.c.i.embedder.EclipseLogger - Using platform encoding (UTF-8 actually) to copy filtered resources, i.e. build is platform dependent!
2023-04-17 14:35:47,507 [Worker-47: Building] INFO  o.e.m.c.i.embedder.EclipseLogger - Copying 0 resource
2023-04-17 14:35:47,509 [Worker-47: Building] WARN  o.e.m.c.i.embedder.EclipseLogger - Using platform encoding (UTF-8 actually) to copy filtered resources, i.e. build is platform dependent!
2023-04-17 14:35:47,518 [Worker-47: Building] INFO  o.e.m.c.i.embedder.EclipseLogger - Copying 2 resources
2023-04-17 14:36:19,446 [Worker-47: Building] WARN  o.e.m.c.i.embedder.EclipseLogger - Using platform encoding (UTF-8 actually) to copy filtered resources, i.e. build is platform dependent!
2023-04-17 14:36:19,455 [Worker-47: Building] INFO  o.e.m.c.i.embedder.EclipseLogger - Copying 0 resource
2023-04-17 14:36:19,457 [Worker-47: Building] WARN  o.e.m.c.i.embedder.EclipseLogger - Using platform encoding (UTF-8 actually) to copy filtered resources, i.e. build is platform dependent!
2023-04-17 14:36:19,467 [Worker-47: Building] INFO  o.e.m.c.i.embedder.EclipseLogger - Copying 2 resources
2023-04-17 14:38:10,773 [Worker-49: Building] INFO  o.e.m.c.i.l.LifecycleMappingFactory - Using org.eclipse.m2e.jdt.JarLifecycleMapping lifecycle mapping for MavenProject: Admin-Demo:Admin-Demo:0.0.1-SNAPSHOT @ C:\Users\ShankarMadhavraoBhos\eclipse-workspace\Admin-Demo\Admin-Demo\pom.xml.
2023-04-17 14:38:10,860 [Worker-49: Building] WARN  o.e.m.c.i.embedder.EclipseLogger - The POM for SeleniumCucumber:SeleniumCucumber:jar:0.0.1-SNAPSHOT is missing, no dependency information available
2023-04-17 14:38:10,958 [Worker-49: Building] WARN  o.e.m.c.i.embedder.EclipseLogger - The artifact info.cukes:cucumber-junit:pom:1.2.6 has been relocated to io.cucumber:cucumber-junit:pom:1.2.6
2023-04-17 14:38:11,334 [Worker-49: Building] WARN  o.e.m.c.i.embedder.EclipseLogger - Using platform encoding (UTF-8 actually) to copy filtered resources, i.e. build is platform dependent!
2023-04-17 14:38:11,341 [Worker-49: Building] INFO  o.e.m.c.i.embedder.EclipseLogger - Copying 0 resource
2023-04-17 14:38:11,345 [Worker-49: Building] WARN  o.e.m.c.i.embedder.EclipseLogger - Using platform encoding (UTF-8 actually) to copy filtered resources, i.e. build is platform dependent!
2023-04-17 14:38:11,350 [Worker-49: Building] INFO  o.e.m.c.i.embedder.EclipseLogger - Copying 0 resource
2023-04-17 14:39:18,317 [Worker-39: Building] INFO  o.e.m.c.i.l.LifecycleMappingFactory - Using org.eclipse.m2e.jdt.JarLifecycleMapping lifecycle mapping for MavenProject: Admin-Demo:Admin-Demo:0.0.1-SNAPSHOT @ C:\Users\ShankarMadhavraoBhos\eclipse-workspace\Admin-Demo\Admin-Demo\pom.xml.
2023-04-17 14:39:18,469 [Worker-39: Building] WARN  o.e.m.c.i.embedder.EclipseLogger - The artifact info.cukes:cucumber-junit:pom:1.2.6 has been relocated to io.cucumber:cucumber-junit:pom:1.2.6
2023-04-17 14:39:18,784 [Worker-39: Building] WARN  o.e.m.c.i.embedder.EclipseLogger - Using platform encoding (UTF-8 actually) to copy filtered resources, i.e. build is platform dependent!
2023-04-17 14:39:18,794 [Worker-39: Building] INFO  o.e.m.c.i.embedder.EclipseLogger - Copying 0 resource
2023-04-17 14:39:18,798 [Worker-39: Building] WARN  o.e.m.c.i.embedder.EclipseLogger - Using platform encoding (UTF-8 actually) to copy filtered resources, i.e. build is platform dependent!
2023-04-17 14:39:18,806 [Worker-39: Building] INFO  o.e.m.c.i.embedder.EclipseLogger - Copying 0 resource
2023-04-17 14:40:38,835 [Worker-50: Building] INFO  o.e.m.c.i.l.LifecycleMappingFactory - Using org.eclipse.m2e.jdt.JarLifecycleMapping lifecycle mapping for MavenProject: Admin-Demo:Admin-Demo:0.0.1-SNAPSHOT @ C:\Users\ShankarMadhavraoBhos\eclipse-workspace\Admin-Demo\Admin-Demo\pom.xml.
2023-04-17 14:40:39,044 [Worker-50: Building] WARN  o.e.m.c.i.embedder.EclipseLogger - The artifact info.cukes:cucumber-junit:pom:1.2.6 has been relocated to io.cucumber:cucumber-junit:pom:1.2.6
2023-04-17 14:40:39,406 [Worker-50: Building] WARN  o.e.m.c.i.embedder.EclipseLogger - Using platform encoding (UTF-8 actually) to copy filtered resources, i.e. build is platform dependent!
2023-04-17 14:40:39,414 [Worker-50: Building] INFO  o.e.m.c.i.embedder.EclipseLogger - Copying 0 resource
2023-04-17 14:40:39,416 [Worker-50: Building] WARN  o.e.m.c.i.embedder.EclipseLogger - Using platform encoding (UTF-8 actually) to copy filtered resources, i.e. build is platform dependent!
2023-04-17 14:40:39,424 [Worker-50: Building] INFO  o.e.m.c.i.embedder.EclipseLogger - Copying 0 resource
2023-04-17 14:40:39,825 [Worker-48: Building] INFO  o.e.m.c.i.l.LifecycleMappingFactory - Using org.eclipse.m2e.jdt.JarLifecycleMapping lifecycle mapping for MavenProject: Admin-Demo:Admin-Demo:0.0.1-SNAPSHOT @ C:\Users\ShankarMadhavraoBhos\eclipse-workspace\Admin-Demo\Admin-Demo\pom.xml.
2023-04-17 14:40:40,018 [Worker-48: Building] WARN  o.e.m.c.i.embedder.EclipseLogger - The artifact info.cukes:cucumber-junit:pom:1.2.6 has been relocated to io.cucumber:cucumber-junit:pom:1.2.6
2023-04-17 14:41:21,300 [Worker-52: Building] WARN  o.e.m.c.i.embedder.EclipseLogger - Using platform encoding (UTF-8 actually) to copy filtered resources, i.e. build is platform dependent!
2023-04-17 14:41:21,310 [Worker-52: Building] INFO  o.e.m.c.i.embedder.EclipseLogger - Copying 0 resource
2023-04-17 14:41:21,313 [Worker-52: Building] WARN  o.e.m.c.i.embedder.EclipseLogger - Using platform encoding (UTF-8 actually) to copy filtered resources, i.e. build is platform dependent!
2023-04-17 14:41:21,322 [Worker-52: Building] INFO  o.e.m.c.i.embedder.EclipseLogger - Copying 2 resources
2023-04-17 14:41:36,580 [Worker-52: Building] WARN  o.e.m.c.i.embedder.EclipseLogger - Using platform encoding (UTF-8 actually) to copy filtered resources, i.e. build is platform dependent!
2023-04-17 14:41:36,585 [Worker-52: Building] INFO  o.e.m.c.i.embedder.EclipseLogger - Copying 0 resource
2023-04-17 14:41:36,587 [Worker-52: Building] WARN  o.e.m.c.i.embedder.EclipseLogger - Using platform encoding (UTF-8 actually) to copy filtered resources, i.e. build is platform dependent!
2023-04-17 14:41:36,594 [Worker-52: Building] INFO  o.e.m.c.i.embedder.EclipseLogger - Copying 2 resources
2023-04-17 14:51:16,311 [Worker-53: Building] INFO  o.e.m.c.i.l.LifecycleMappingFactory - Using org.eclipse.m2e.jdt.JarLifecycleMapping lifecycle mapping for MavenProject: Admin-Demo:Admin-Demo:0.0.1-SNAPSHOT @ C:\Users\ShankarMadhavraoBhos\eclipse-workspace\Admin-Demo\Admin-Demo\pom.xml.
2023-04-17 14:51:16,389 [Worker-53: Building] WARN  o.e.m.c.i.embedder.EclipseLogger - The POM for SeleniumCucumber:SeleniumCucumber:jar:0.0.1-SNAPSHOT is missing, no dependency information available
2023-04-17 14:51:16,464 [Worker-53: Building] WARN  o.e.m.c.i.embedder.EclipseLogger - The artifact info.cukes:cucumber-junit:pom:1.2.6 has been relocated to io.cucumber:cucumber-junit:pom:1.2.6
2023-04-17 14:51:16,733 [Worker-53: Building] WARN  o.e.m.c.i.embedder.EclipseLogger - Using platform encoding (UTF-8 actually) to copy filtered resources, i.e. build is platform dependent!
2023-04-17 14:51:16,739 [Worker-53: Building] INFO  o.e.m.c.i.embedder.EclipseLogger - Copying 0 resource
2023-04-17 14:51:16,742 [Worker-53: Building] WARN  o.e.m.c.i.embedder.EclipseLogger - Using platform encoding (UTF-8 actually) to copy filtered resources, i.e. build is platform dependent!
2023-04-17 14:51:16,750 [Worker-53: Building] INFO  o.e.m.c.i.embedder.EclipseLogger - Copying 0 resource
2023-04-18 11:09:05,182 [Worker-4: Loading available Gradle versions] INFO  o.e.b.c.i.u.g.PublishedGradleVersions - Gradle version information cache is out-of-date. Trying to update.
2023-04-18 11:09:06,162 [Worker-0: reload maven project] WARN  o.e.m.c.i.embedder.EclipseLogger - The POM for SeleniumCucumber:SeleniumCucumber:jar:0.0.1-SNAPSHOT is missing, no dependency information available
2023-04-18 11:09:06,685 [Worker-0: reload maven project] WARN  o.e.m.c.i.embedder.EclipseLogger - The artifact info.cukes:cucumber-junit:pom:1.2.6 has been relocated to io.cucumber:cucumber-junit:pom:1.2.6
2023-04-18 11:09:36,858 [Worker-10: Building] INFO  o.e.m.c.i.l.LifecycleMappingFactory - Using org.eclipse.m2e.jdt.JarLifecycleMapping lifecycle mapping for MavenProject: Admin-Demo:Admin-Demo:0.0.1-SNAPSHOT @ C:\Users\ShankarMadhavraoBhos\eclipse-workspace\Admin-Demo\Admin-Demo\pom.xml.
2023-04-18 11:09:37,100 [Worker-10: Building] WARN  o.e.m.c.i.embedder.EclipseLogger - The POM for SeleniumCucumber:SeleniumCucumber:jar:0.0.1-SNAPSHOT is missing, no dependency information available
2023-04-18 11:09:37,304 [Worker-10: Building] WARN  o.e.m.c.i.embedder.EclipseLogger - The artifact info.cukes:cucumber-junit:pom:1.2.6 has been relocated to io.cucumber:cucumber-junit:pom:1.2.6
2023-04-18 11:09:38,218 [Worker-10: Building] WARN  o.e.m.c.i.embedder.EclipseLogger - Using platform encoding (UTF-8 actually) to copy filtered resources, i.e. build is platform dependent!
2023-04-18 11:09:38,227 [Worker-10: Building] INFO  o.e.m.c.i.embedder.EclipseLogger - Copying 0 resource
2023-04-18 11:09:38,232 [Worker-10: Building] WARN  o.e.m.c.i.embedder.EclipseLogger - Using platform encoding (UTF-8 actually) to copy filtered resources, i.e. build is platform dependent!
2023-04-18 11:09:38,242 [Worker-10: Building] INFO  o.e.m.c.i.embedder.EclipseLogger - Copying 2 resources
2023-04-18 11:10:27,289 [Worker-9: Building] INFO  o.e.m.c.i.l.LifecycleMappingFactory - Using org.eclipse.m2e.jdt.JarLifecycleMapping lifecycle mapping for MavenProject: Admin-Demo:Admin-Demo:0.0.1-SNAPSHOT @ C:\Users\ShankarMadhavraoBhos\eclipse-workspace\Admin-Demo\Admin-Demo\pom.xml.
2023-04-18 11:10:27,542 [Worker-9: Building] WARN  o.e.m.c.i.embedder.EclipseLogger - The artifact info.cukes:cucumber-junit:pom:1.2.6 has been relocated to io.cucumber:cucumber-junit:pom:1.2.6
2023-04-18 11:10:27,847 [Worker-9: Building] WARN  o.e.m.c.i.embedder.EclipseLogger - Using platform encoding (UTF-8 actually) to copy filtered resources, i.e. build is platform dependent!
2023-04-18 11:10:27,856 [Worker-9: Building] INFO  o.e.m.c.i.embedder.EclipseLogger - Copying 0 resource
2023-04-18 11:10:27,861 [Worker-9: Building] WARN  o.e.m.c.i.embedder.EclipseLogger - Using platform encoding (UTF-8 actually) to copy filtered resources, i.e. build is platform dependent!
2023-04-18 11:10:27,869 [Worker-9: Building] INFO  o.e.m.c.i.embedder.EclipseLogger - Copying 0 resource
2023-04-18 11:24:58,826 [Worker-24: Building] WARN  o.e.m.c.i.embedder.EclipseLogger - Using platform encoding (UTF-8 actually) to copy filtered resources, i.e. build is platform dependent!
2023-04-18 11:24:58,832 [Worker-24: Building] INFO  o.e.m.c.i.embedder.EclipseLogger - Copying 0 resource
2023-04-18 11:24:58,834 [Worker-24: Building] WARN  o.e.m.c.i.embedder.EclipseLogger - Using platform encoding (UTF-8 actually) to copy filtered resources, i.e. build is platform dependent!
2023-04-18 11:24:58,841 [Worker-24: Building] INFO  o.e.m.c.i.embedder.EclipseLogger - Copying 2 resources
2023-04-18 11:28:10,349 [Worker-28: Updating Maven Project] INFO  o.e.m.c.i.p.ProjectConfigurationManager - Update started
2023-04-18 11:28:10,533 [Worker-28: Updating Maven Project] INFO  o.e.m.c.i.l.LifecycleMappingFactory - Using org.eclipse.m2e.jdt.JarLifecycleMapping lifecycle mapping for MavenProject: Admin-Demo:Admin-Demo:0.0.1-SNAPSHOT @ C:\Users\ShankarMadhavraoBhos\eclipse-workspace\Admin-Demo\Admin-Demo\pom.xml.
2023-04-18 11:28:11,103 [Worker-28: Updating Maven Project] INFO  o.e.m.c.i.e.AbstractTransferListenerAdapter - Downloading https://repo.maven.apache.org/maven2/io/cucumber/messages/maven-metadata.xml
2023-04-18 11:28:11,153 [Worker-28: Updating Maven Project] INFO  o.e.m.c.i.e.AbstractTransferListenerAdapter - Downloaded https://repo.maven.apache.org/maven2/io/cucumber/messages/maven-metadata.xml
2023-04-18 11:28:11,317 [Worker-28: Updating Maven Project] WARN  o.e.m.c.i.embedder.EclipseLogger - The artifact info.cukes:cucumber-junit:pom:1.2.6 has been relocated to io.cucumber:cucumber-junit:pom:1.2.6
2023-04-18 11:28:11,649 [Worker-28: Updating Maven Project] INFO  o.e.m.j.i.AbstractJavaProjectConfigurator - Adding source folder /Admin-Demo/src/main/java
2023-04-18 11:28:11,649 [Worker-28: Updating Maven Project] INFO  o.e.m.j.i.AbstractJavaProjectConfigurator - Adding resource folder /Admin-Demo/src/main/resources
2023-04-18 11:28:11,650 [Worker-28: Updating Maven Project] INFO  o.e.m.j.i.AbstractJavaProjectConfigurator - Adding source folder /Admin-Demo/src/test/java
2023-04-18 11:28:11,650 [Worker-28: Updating Maven Project] INFO  o.e.m.j.i.AbstractJavaProjectConfigurator - Adding resource folder /Admin-Demo/src/test/resources
2023-04-18 11:28:11,651 [Worker-28: Updating Maven Project] ERROR o.e.m.j.i.AbstractJavaProjectConfigurator - Failed to find a compatible VM for environment id 'JavaSE-16', falling back to workspace default
2023-04-18 11:28:12,402 [Worker-28: Updating Maven Project] INFO  o.e.m.c.i.p.ProjectConfigurationManager - Update completed for 1 poms: local refresh takes 0.00 sec, refresh facades takes 1.00 sec, update config takes 0.00 sec 
2023-04-18 11:28:12,716 [Worker-30: Building] WARN  o.e.m.c.i.embedder.EclipseLogger - Using platform encoding (UTF-8 actually) to copy filtered resources, i.e. build is platform dependent!
2023-04-18 11:28:12,726 [Worker-30: Building] INFO  o.e.m.c.i.embedder.EclipseLogger - Copying 0 resource
2023-04-18 11:28:12,730 [Worker-30: Building] WARN  o.e.m.c.i.embedder.EclipseLogger - Using platform encoding (UTF-8 actually) to copy filtered resources, i.e. build is platform dependent!
2023-04-18 11:28:12,738 [Worker-30: Building] INFO  o.e.m.c.i.embedder.EclipseLogger - Copying 2 resources
2023-04-18 11:29:12,939 [Worker-29: Updating Maven Project] INFO  o.e.m.c.i.p.ProjectConfigurationManager - Update started
2023-04-18 11:29:13,117 [Worker-29: Updating Maven Project] INFO  o.e.m.c.i.l.LifecycleMappingFactory - Using org.eclipse.m2e.jdt.JarLifecycleMapping lifecycle mapping for MavenProject: Admin-Demo:Admin-Demo:0.0.1-SNAPSHOT @ C:\Users\ShankarMadhavraoBhos\eclipse-workspace\Admin-Demo\Admin-Demo\pom.xml.
2023-04-18 11:29:13,628 [Worker-29: Updating Maven Project] INFO  o.e.m.c.i.e.AbstractTransferListenerAdapter - Downloading https://repo.maven.apache.org/maven2/io/cucumber/messages/maven-metadata.xml
2023-04-18 11:29:13,656 [Worker-29: Updating Maven Project] INFO  o.e.m.c.i.e.AbstractTransferListenerAdapter - Downloaded https://repo.maven.apache.org/maven2/io/cucumber/messages/maven-metadata.xml
2023-04-18 11:29:13,774 [Worker-29: Updating Maven Project] WARN  o.e.m.c.i.embedder.EclipseLogger - The artifact info.cukes:cucumber-junit:pom:1.2.6 has been relocated to io.cucumber:cucumber-junit:pom:1.2.6
2023-04-18 11:29:14,140 [Worker-29: Updating Maven Project] INFO  o.e.m.j.i.AbstractJavaProjectConfigurator - Adding source folder /Admin-Demo/src/main/java
2023-04-18 11:29:14,140 [Worker-29: Updating Maven Project] INFO  o.e.m.j.i.AbstractJavaProjectConfigurator - Adding resource folder /Admin-Demo/src/main/resources
2023-04-18 11:29:14,141 [Worker-29: Updating Maven Project] INFO  o.e.m.j.i.AbstractJavaProjectConfigurator - Adding source folder /Admin-Demo/src/test/java
2023-04-18 11:29:14,141 [Worker-29: Updating Maven Project] INFO  o.e.m.j.i.AbstractJavaProjectConfigurator - Adding resource folder /Admin-Demo/src/test/resources
2023-04-18 11:29:14,141 [Worker-29: Updating Maven Project] ERROR o.e.m.j.i.AbstractJavaProjectConfigurator - Failed to find a compatible VM for environment id 'JavaSE-16', falling back to workspace default
2023-04-18 11:29:14,476 [Worker-29: Updating Maven Project] INFO  o.e.m.c.i.p.ProjectConfigurationManager - Update completed for 1 poms: local refresh takes 0.00 sec, refresh facades takes 1.00 sec, update config takes 0.00 sec 
2023-04-18 11:29:14,690 [Worker-29: Building] WARN  o.e.m.c.i.embedder.EclipseLogger - Using platform encoding (UTF-8 actually) to copy filtered resources, i.e. build is platform dependent!
2023-04-18 11:29:14,698 [Worker-29: Building] INFO  o.e.m.c.i.embedder.EclipseLogger - Copying 0 resource
2023-04-18 11:29:14,702 [Worker-29: Building] WARN  o.e.m.c.i.embedder.EclipseLogger - Using platform encoding (UTF-8 actually) to copy filtered resources, i.e. build is platform dependent!
2023-04-18 11:29:14,711 [Worker-29: Building] INFO  o.e.m.c.i.embedder.EclipseLogger - Copying 2 resources
2023-04-18 11:29:31,086 [Worker-29: Building] WARN  o.e.m.c.i.embedder.EclipseLogger - Using platform encoding (UTF-8 actually) to copy filtered resources, i.e. build is platform dependent!
2023-04-18 11:29:31,101 [Worker-29: Building] INFO  o.e.m.c.i.embedder.EclipseLogger - Copying 0 resource
2023-04-18 11:29:31,104 [Worker-29: Building] WARN  o.e.m.c.i.embedder.EclipseLogger - Using platform encoding (UTF-8 actually) to copy filtered resources, i.e. build is platform dependent!
2023-04-18 11:29:31,113 [Worker-29: Building] INFO  o.e.m.c.i.embedder.EclipseLogger - Copying 2 resources
2023-04-18 11:29:32,192 [Worker-8: Building] WARN  o.e.m.c.i.embedder.EclipseLogger - Using platform encoding (UTF-8 actually) to copy filtered resources, i.e. build is platform dependent!
2023-04-18 11:29:32,205 [Worker-8: Building] INFO  o.e.m.c.i.embedder.EclipseLogger - Copying 0 resource
2023-04-18 11:29:32,209 [Worker-8: Building] WARN  o.e.m.c.i.embedder.EclipseLogger - Using platform encoding (UTF-8 actually) to copy filtered resources, i.e. build is platform dependent!
2023-04-18 11:29:32,220 [Worker-8: Building] INFO  o.e.m.c.i.embedder.EclipseLogger - Copying 0 resource
2023-04-18 12:01:40,133 [Worker-33: Building] INFO  o.e.m.c.i.l.LifecycleMappingFactory - Using org.eclipse.m2e.jdt.JarLifecycleMapping lifecycle mapping for MavenProject: Admin-Demo:Admin-Demo:0.0.1-SNAPSHOT @ C:\Users\ShankarMadhavraoBhos\eclipse-workspace\Admin-Demo\Admin-Demo\pom.xml.
2023-04-18 12:01:40,211 [Worker-33: Building] WARN  o.e.m.c.i.embedder.EclipseLogger - The POM for SeleniumCucumber:SeleniumCucumber:jar:0.0.1-SNAPSHOT is missing, no dependency information available
2023-04-18 12:01:40,326 [Worker-33: Building] WARN  o.e.m.c.i.embedder.EclipseLogger - The artifact info.cukes:cucumber-junit:pom:1.2.6 has been relocated to io.cucumber:cucumber-junit:pom:1.2.6
2023-04-18 12:01:40,671 [Worker-33: Building] WARN  o.e.m.c.i.embedder.EclipseLogger - Using platform encoding (UTF-8 actually) to copy filtered resources, i.e. build is platform dependent!
2023-04-18 12:01:40,681 [Worker-33: Building] INFO  o.e.m.c.i.embedder.EclipseLogger - Copying 0 resource
2023-04-18 12:01:40,684 [Worker-33: Building] WARN  o.e.m.c.i.embedder.EclipseLogger - Using platform encoding (UTF-8 actually) to copy filtered resources, i.e. build is platform dependent!
2023-04-18 12:01:40,692 [Worker-33: Building] INFO  o.e.m.c.i.embedder.EclipseLogger - Copying 0 resource
2023-04-18 12:01:52,701 [Worker-29: Updating Maven Project] INFO  o.e.m.c.i.p.ProjectConfigurationManager - Update started
2023-04-18 12:01:52,880 [Worker-29: Updating Maven Project] INFO  o.e.m.c.i.l.LifecycleMappingFactory - Using org.eclipse.m2e.jdt.JarLifecycleMapping lifecycle mapping for MavenProject: Admin-Demo:Admin-Demo:0.0.1-SNAPSHOT @ C:\Users\ShankarMadhavraoBhos\eclipse-workspace\Admin-Demo\Admin-Demo\pom.xml.
2023-04-18 12:01:52,979 [Worker-29: Updating Maven Project] WARN  o.e.m.c.i.embedder.EclipseLogger - The POM for SeleniumCucumber:SeleniumCucumber:jar:0.0.1-SNAPSHOT is missing, no dependency information available
2023-04-18 12:01:53,260 [Worker-29: Updating Maven Project] INFO  o.e.m.c.i.e.AbstractTransferListenerAdapter - Downloading https://repo.maven.apache.org/maven2/io/cucumber/messages/maven-metadata.xml
2023-04-18 12:01:53,303 [Worker-29: Updating Maven Project] INFO  o.e.m.c.i.e.AbstractTransferListenerAdapter - Downloaded https://repo.maven.apache.org/maven2/io/cucumber/messages/maven-metadata.xml
2023-04-18 12:01:53,433 [Worker-29: Updating Maven Project] WARN  o.e.m.c.i.embedder.EclipseLogger - The artifact info.cukes:cucumber-junit:pom:1.2.6 has been relocated to io.cucumber:cucumber-junit:pom:1.2.6
2023-04-18 12:01:53,823 [Worker-29: Updating Maven Project] INFO  o.e.m.j.i.AbstractJavaProjectConfigurator - Adding source folder /Admin-Demo/src/main/java
2023-04-18 12:01:53,824 [Worker-29: Updating Maven Project] INFO  o.e.m.j.i.AbstractJavaProjectConfigurator - Adding resource folder /Admin-Demo/src/main/resources
2023-04-18 12:01:53,824 [Worker-29: Updating Maven Project] INFO  o.e.m.j.i.AbstractJavaProjectConfigurator - Adding source folder /Admin-Demo/src/test/java
2023-04-18 12:01:53,824 [Worker-29: Updating Maven Project] INFO  o.e.m.j.i.AbstractJavaProjectConfigurator - Adding resource folder /Admin-Demo/src/test/resources
2023-04-18 12:01:53,824 [Worker-29: Updating Maven Project] ERROR o.e.m.j.i.AbstractJavaProjectConfigurator - Failed to find a compatible VM for environment id 'JavaSE-16', falling back to workspace default
2023-04-18 12:01:54,141 [Worker-29: Updating Maven Project] INFO  o.e.m.c.i.p.ProjectConfigurationManager - Update completed for 1 poms: local refresh takes 0.00 sec, refresh facades takes 0.00 sec, update config takes 0.00 sec 
2023-04-18 12:01:54,266 [Worker-33: Building] WARN  o.e.m.c.i.embedder.EclipseLogger - Using platform encoding (UTF-8 actually) to copy filtered resources, i.e. build is platform dependent!
2023-04-18 12:01:54,274 [Worker-33: Building] INFO  o.e.m.c.i.embedder.EclipseLogger - Copying 0 resource
2023-04-18 12:01:54,277 [Worker-33: Building] WARN  o.e.m.c.i.embedder.EclipseLogger - Using platform encoding (UTF-8 actually) to copy filtered resources, i.e. build is platform dependent!
2023-04-18 12:01:54,286 [Worker-33: Building] INFO  o.e.m.c.i.embedder.EclipseLogger - Copying 2 resources
2023-04-18 12:02:29,142 [Worker-34: Building] INFO  o.e.m.c.i.l.LifecycleMappingFactory - Using org.eclipse.m2e.jdt.JarLifecycleMapping lifecycle mapping for MavenProject: Admin-Demo:Admin-Demo:0.0.1-SNAPSHOT @ C:\Users\ShankarMadhavraoBhos\eclipse-workspace\Admin-Demo\Admin-Demo\pom.xml.
2023-04-18 12:02:29,312 [Worker-34: Building] WARN  o.e.m.c.i.embedder.EclipseLogger - The artifact info.cukes:cucumber-junit:pom:1.2.6 has been relocated to io.cucumber:cucumber-junit:pom:1.2.6
2023-04-18 12:02:29,634 [Worker-34: Building] WARN  o.e.m.c.i.embedder.EclipseLogger - Using platform encoding (UTF-8 actually) to copy filtered resources, i.e. build is platform dependent!
2023-04-18 12:02:29,646 [Worker-34: Building] INFO  o.e.m.c.i.embedder.EclipseLogger - Copying 0 resource
2023-04-18 12:02:29,648 [Worker-34: Building] WARN  o.e.m.c.i.embedder.EclipseLogger - Using platform encoding (UTF-8 actually) to copy filtered resources, i.e. build is platform dependent!
2023-04-18 12:02:29,653 [Worker-34: Building] INFO  o.e.m.c.i.embedder.EclipseLogger - Copying 0 resource
2023-04-18 13:47:24,077 [Worker-37: Building] INFO  o.e.m.c.i.l.LifecycleMappingFactory - Using org.eclipse.m2e.jdt.JarLifecycleMapping lifecycle mapping for MavenProject: com.test:HelloWorldMaven:1.1.1-RELEASE @ C:\Users\ShankarMadhavraoBhos\eclipse-workspace\HelloWorldMaven-master\HelloWorldMaven-master\pom.xml.
2023-04-18 13:47:24,109 [Worker-37: Building] INFO  o.e.m.c.i.embedder.EclipseLogger - Using 'UTF-8' encoding to copy filtered resources.
2023-04-18 13:47:24,110 [Worker-37: Building] INFO  o.e.m.c.i.embedder.EclipseLogger - skip non existing resourceDirectory C:\Users\ShankarMadhavraoBhos\eclipse-workspace\HelloWorldMaven-master\HelloWorldMaven-master\src\main\resources
2023-04-18 13:47:24,111 [Worker-37: Building] INFO  o.e.m.c.i.embedder.EclipseLogger - Using 'UTF-8' encoding to copy filtered resources.
2023-04-18 13:47:24,111 [Worker-37: Building] INFO  o.e.m.c.i.embedder.EclipseLogger - skip non existing resourceDirectory C:\Users\ShankarMadhavraoBhos\eclipse-workspace\HelloWorldMaven-master\HelloWorldMaven-master\src\test\resources
2023-04-18 13:47:25,486 [Worker-36: Download sources and javadoc] INFO  o.e.m.c.i.e.AbstractTransferListenerAdapter - Downloading https://repo.maven.apache.org/maven2/junit/junit/3.8.1/junit-3.8.1-sources.jar
2023-04-18 13:47:25,637 [Worker-36: Download sources and javadoc] INFO  o.e.m.c.i.e.AbstractTransferListenerAdapter - Downloaded https://repo.maven.apache.org/maven2/junit/junit/3.8.1/junit-3.8.1-sources.jar
2023-04-18 13:47:25,646 [Worker-36: Download sources and javadoc] INFO  o.e.m.j.internal.DownloadSourcesJob - Downloaded sources for junit:junit:3.8.1
2023-04-18 13:47:47,106 [Worker-35: Launching Executing test in C__Users_ShankarMadhavraoBhos_eclipse-workspace_HelloWorldMaven-master_HelloWorldMaven-master] INFO  o.eclipse.m2e.core.internal.Bundles - getClasspathEntries(Bundle=org.eclipse.m2e.maven.runtime_3.8.701.20230209-1606 [271])
2023-04-18 13:47:47,111 [Worker-35: Launching Executing test in C__Users_ShankarMadhavraoBhos_eclipse-workspace_HelloWorldMaven-master_HelloWorldMaven-master] INFO  o.eclipse.m2e.core.internal.Bundles - 	Entry: C:\Users\ShankarMadhavraoBhos\.p2\pool\plugins\org.eclipse.m2e.maven.runtime_3.8.701.20230209-1606
2023-04-18 13:47:47,111 [Worker-35: Launching Executing test in C__Users_ShankarMadhavraoBhos_eclipse-workspace_HelloWorldMaven-master_HelloWorldMaven-master] INFO  o.eclipse.m2e.core.internal.Bundles - 	Entry: C:\Users\ShankarMadhavraoBhos\.p2\pool\plugins\org.eclipse.m2e.maven.runtime_3.8.701.20230209-1606\jars\aether-connector-okhttp-0.17.8.jar
2023-04-18 13:47:47,111 [Worker-35: Launching Executing test in C__Users_ShankarMadhavraoBhos_eclipse-workspace_HelloWorldMaven-master_HelloWorldMaven-master] INFO  o.eclipse.m2e.core.internal.Bundles - 	Entry: C:\Users\ShankarMadhavraoBhos\.p2\pool\plugins\org.eclipse.m2e.maven.runtime_3.8.701.20230209-1606\jars\commons-lang3-3.8.1.jar
2023-04-18 13:47:47,112 [Worker-35: Launching Executing test in C__Users_ShankarMadhavraoBhos_eclipse-workspace_HelloWorldMaven-master_HelloWorldMaven-master] INFO  o.eclipse.m2e.core.internal.Bundles - 	Entry: C:\Users\ShankarMadhavraoBhos\.p2\pool\plugins\org.eclipse.m2e.maven.runtime_3.8.701.20230209-1606\jars\guice-4.2.2-no_aop.jar
2023-04-18 13:47:47,112 [Worker-35: Launching Executing test in C__Users_ShankarMadhavraoBhos_eclipse-workspace_HelloWorldMaven-master_HelloWorldMaven-master] INFO  o.eclipse.m2e.core.internal.Bundles - 	Entry: C:\Users\ShankarMadhavraoBhos\.p2\pool\plugins\org.eclipse.m2e.maven.runtime_3.8.701.20230209-1606\jars\jansi-2.4.0.jar
2023-04-18 13:47:47,112 [Worker-35: Launching Executing test in C__Users_ShankarMadhavraoBhos_eclipse-workspace_HelloWorldMaven-master_HelloWorldMaven-master] INFO  o.eclipse.m2e.core.internal.Bundles - 	Entry: C:\Users\ShankarMadhavraoBhos\.p2\pool\plugins\org.eclipse.m2e.maven.runtime_3.8.701.20230209-1606\jars\maven-artifact-3.8.7.jar
2023-04-18 13:47:47,112 [Worker-35: Launching Executing test in C__Users_ShankarMadhavraoBhos_eclipse-workspace_HelloWorldMaven-master_HelloWorldMaven-master] INFO  o.eclipse.m2e.core.internal.Bundles - 	Entry: C:\Users\ShankarMadhavraoBhos\.p2\pool\plugins\org.eclipse.m2e.maven.runtime_3.8.701.20230209-1606\jars\maven-builder-support-3.8.7.jar
2023-04-18 13:47:47,112 [Worker-35: Launching Executing test in C__Users_ShankarMadhavraoBhos_eclipse-workspace_HelloWorldMaven-master_HelloWorldMaven-master] INFO  o.eclipse.m2e.core.internal.Bundles - 	Entry: C:\Users\ShankarMadhavraoBhos\.p2\pool\plugins\org.eclipse.m2e.maven.runtime_3.8.701.20230209-1606\jars\maven-compat-3.8.7.jar
2023-04-18 13:47:47,112 [Worker-35: Launching Executing test in C__Users_ShankarMadhavraoBhos_eclipse-workspace_HelloWorldMaven-master_HelloWorldMaven-master] INFO  o.eclipse.m2e.core.internal.Bundles - 	Entry: C:\Users\ShankarMadhavraoBhos\.p2\pool\plugins\org.eclipse.m2e.maven.runtime_3.8.701.20230209-1606\jars\maven-core-3.8.7.jar
2023-04-18 13:47:47,113 [Worker-35: Launching Executing test in C__Users_ShankarMadhavraoBhos_eclipse-workspace_HelloWorldMaven-master_HelloWorldMaven-master] INFO  o.eclipse.m2e.core.internal.Bundles - 	Entry: C:\Users\ShankarMadhavraoBhos\.p2\pool\plugins\org.eclipse.m2e.maven.runtime_3.8.701.20230209-1606\jars\maven-embedder-3.8.7.jar
2023-04-18 13:47:47,113 [Worker-35: Launching Executing test in C__Users_ShankarMadhavraoBhos_eclipse-workspace_HelloWorldMaven-master_HelloWorldMaven-master] INFO  o.eclipse.m2e.core.internal.Bundles - 	Entry: C:\Users\ShankarMadhavraoBhos\.p2\pool\plugins\org.eclipse.m2e.maven.runtime_3.8.701.20230209-1606\jars\maven-model-3.8.7.jar
2023-04-18 13:47:47,113 [Worker-35: Launching Executing test in C__Users_ShankarMadhavraoBhos_eclipse-workspace_HelloWorldMaven-master_HelloWorldMaven-master] INFO  o.eclipse.m2e.core.internal.Bundles - 	Entry: C:\Users\ShankarMadhavraoBhos\.p2\pool\plugins\org.eclipse.m2e.maven.runtime_3.8.701.20230209-1606\jars\maven-model-builder-3.8.7.jar
2023-04-18 13:47:47,113 [Worker-35: Launching Executing test in C__Users_ShankarMadhavraoBhos_eclipse-workspace_HelloWorldMaven-master_HelloWorldMaven-master] INFO  o.eclipse.m2e.core.internal.Bundles - 	Entry: C:\Users\ShankarMadhavraoBhos\.p2\pool\plugins\org.eclipse.m2e.maven.runtime_3.8.701.20230209-1606\jars\maven-plugin-api-3.8.7.jar
2023-04-18 13:47:47,113 [Worker-35: Launching Executing test in C__Users_ShankarMadhavraoBhos_eclipse-workspace_HelloWorldMaven-master_HelloWorldMaven-master] INFO  o.eclipse.m2e.core.internal.Bundles - 	Entry: C:\Users\ShankarMadhavraoBhos\.p2\pool\plugins\org.eclipse.m2e.maven.runtime_3.8.701.20230209-1606\jars\maven-repository-metadata-3.8.7.jar
2023-04-18 13:47:47,113 [Worker-35: Launching Executing test in C__Users_ShankarMadhavraoBhos_eclipse-workspace_HelloWorldMaven-master_HelloWorldMaven-master] INFO  o.eclipse.m2e.core.internal.Bundles - 	Entry: C:\Users\ShankarMadhavraoBhos\.p2\pool\plugins\org.eclipse.m2e.maven.runtime_3.8.701.20230209-1606\jars\maven-resolver-api-1.6.3.jar
2023-04-18 13:47:47,113 [Worker-35: Launching Executing test in C__Users_ShankarMadhavraoBhos_eclipse-workspace_HelloWorldMaven-master_HelloWorldMaven-master] INFO  o.eclipse.m2e.core.internal.Bundles - 	Entry: C:\Users\ShankarMadhavraoBhos\.p2\pool\plugins\org.eclipse.m2e.maven.runtime_3.8.701.20230209-1606\jars\maven-resolver-connector-basic-1.6.3.jar
2023-04-18 13:47:47,114 [Worker-35: Launching Executing test in C__Users_ShankarMadhavraoBhos_eclipse-workspace_HelloWorldMaven-master_HelloWorldMaven-master] INFO  o.eclipse.m2e.core.internal.Bundles - 	Entry: C:\Users\ShankarMadhavraoBhos\.p2\pool\plugins\org.eclipse.m2e.maven.runtime_3.8.701.20230209-1606\jars\maven-resolver-impl-1.6.3.jar
2023-04-18 13:47:47,114 [Worker-35: Launching Executing test in C__Users_ShankarMadhavraoBhos_eclipse-workspace_HelloWorldMaven-master_HelloWorldMaven-master] INFO  o.eclipse.m2e.core.internal.Bundles - 	Entry: C:\Users\ShankarMadhavraoBhos\.p2\pool\plugins\org.eclipse.m2e.maven.runtime_3.8.701.20230209-1606\jars\maven-resolver-provider-3.8.7.jar
2023-04-18 13:47:47,114 [Worker-35: Launching Executing test in C__Users_ShankarMadhavraoBhos_eclipse-workspace_HelloWorldMaven-master_HelloWorldMaven-master] INFO  o.eclipse.m2e.core.internal.Bundles - 	Entry: C:\Users\ShankarMadhavraoBhos\.p2\pool\plugins\org.eclipse.m2e.maven.runtime_3.8.701.20230209-1606\jars\maven-resolver-spi-1.6.3.jar
2023-04-18 13:47:47,114 [Worker-35: Launching Executing test in C__Users_ShankarMadhavraoBhos_eclipse-workspace_HelloWorldMaven-master_HelloWorldMaven-master] INFO  o.eclipse.m2e.core.internal.Bundles - 	Entry: C:\Users\ShankarMadhavraoBhos\.p2\pool\plugins\org.eclipse.m2e.maven.runtime_3.8.701.20230209-1606\jars\maven-resolver-transport-wagon-1.6.3.jar
2023-04-18 13:47:47,114 [Worker-35: Launching Executing test in C__Users_ShankarMadhavraoBhos_eclipse-workspace_HelloWorldMaven-master_HelloWorldMaven-master] INFO  o.eclipse.m2e.core.internal.Bundles - 	Entry: C:\Users\ShankarMadhavraoBhos\.p2\pool\plugins\org.eclipse.m2e.maven.runtime_3.8.701.20230209-1606\jars\maven-resolver-util-1.6.3.jar
2023-04-18 13:47:47,114 [Worker-35: Launching Executing test in C__Users_ShankarMadhavraoBhos_eclipse-workspace_HelloWorldMaven-master_HelloWorldMaven-master] INFO  o.eclipse.m2e.core.internal.Bundles - 	Entry: C:\Users\ShankarMadhavraoBhos\.p2\pool\plugins\org.eclipse.m2e.maven.runtime_3.8.701.20230209-1606\jars\maven-settings-3.8.7.jar
2023-04-18 13:47:47,114 [Worker-35: Launching Executing test in C__Users_ShankarMadhavraoBhos_eclipse-workspace_HelloWorldMaven-master_HelloWorldMaven-master] INFO  o.eclipse.m2e.core.internal.Bundles - 	Entry: C:\Users\ShankarMadhavraoBhos\.p2\pool\plugins\org.eclipse.m2e.maven.runtime_3.8.701.20230209-1606\jars\maven-settings-builder-3.8.7.jar
2023-04-18 13:47:47,115 [Worker-35: Launching Executing test in C__Users_ShankarMadhavraoBhos_eclipse-workspace_HelloWorldMaven-master_HelloWorldMaven-master] INFO  o.eclipse.m2e.core.internal.Bundles - 	Entry: C:\Users\ShankarMadhavraoBhos\.p2\pool\plugins\org.eclipse.m2e.maven.runtime_3.8.701.20230209-1606\jars\maven-shared-utils-3.3.4.jar
2023-04-18 13:47:47,115 [Worker-35: Launching Executing test in C__Users_ShankarMadhavraoBhos_eclipse-workspace_HelloWorldMaven-master_HelloWorldMaven-master] INFO  o.eclipse.m2e.core.internal.Bundles - 	Entry: C:\Users\ShankarMadhavraoBhos\.p2\pool\plugins\org.eclipse.m2e.maven.runtime_3.8.701.20230209-1606\jars\okhttp-3.14.1.jar
2023-04-18 13:47:47,115 [Worker-35: Launching Executing test in C__Users_ShankarMadhavraoBhos_eclipse-workspace_HelloWorldMaven-master_HelloWorldMaven-master] INFO  o.eclipse.m2e.core.internal.Bundles - 	Entry: C:\Users\ShankarMadhavraoBhos\.p2\pool\plugins\org.eclipse.m2e.maven.runtime_3.8.701.20230209-1606\jars\okio-1.17.3.jar
2023-04-18 13:47:47,115 [Worker-35: Launching Executing test in C__Users_ShankarMadhavraoBhos_eclipse-workspace_HelloWorldMaven-master_HelloWorldMaven-master] INFO  o.eclipse.m2e.core.internal.Bundles - 	Entry: C:\Users\ShankarMadhavraoBhos\.p2\pool\plugins\org.eclipse.m2e.maven.runtime_3.8.701.20230209-1606\jars\org.eclipse.sisu.inject-0.3.5.jar
2023-04-18 13:47:47,115 [Worker-35: Launching Executing test in C__Users_ShankarMadhavraoBhos_eclipse-workspace_HelloWorldMaven-master_HelloWorldMaven-master] INFO  o.eclipse.m2e.core.internal.Bundles - 	Entry: C:\Users\ShankarMadhavraoBhos\.p2\pool\plugins\org.eclipse.m2e.maven.runtime_3.8.701.20230209-1606\jars\org.eclipse.sisu.plexus-0.3.5.jar
2023-04-18 13:47:47,115 [Worker-35: Launching Executing test in C__Users_ShankarMadhavraoBhos_eclipse-workspace_HelloWorldMaven-master_HelloWorldMaven-master] INFO  o.eclipse.m2e.core.internal.Bundles - 	Entry: C:\Users\ShankarMadhavraoBhos\.p2\pool\plugins\org.eclipse.m2e.maven.runtime_3.8.701.20230209-1606\jars\plexus-build-api-0.0.7.jar
2023-04-18 13:47:47,115 [Worker-35: Launching Executing test in C__Users_ShankarMadhavraoBhos_eclipse-workspace_HelloWorldMaven-master_HelloWorldMaven-master] INFO  o.eclipse.m2e.core.internal.Bundles - 	Entry: C:\Users\ShankarMadhavraoBhos\.p2\pool\plugins\org.eclipse.m2e.maven.runtime_3.8.701.20230209-1606\jars\plexus-cipher-2.0.jar
2023-04-18 13:47:47,115 [Worker-35: Launching Executing test in C__Users_ShankarMadhavraoBhos_eclipse-workspace_HelloWorldMaven-master_HelloWorldMaven-master] INFO  o.eclipse.m2e.core.internal.Bundles - 	Entry: C:\Users\ShankarMadhavraoBhos\.p2\pool\plugins\org.eclipse.m2e.maven.runtime_3.8.701.20230209-1606\jars\plexus-classworlds-2.6.0.jar
2023-04-18 13:47:47,116 [Worker-35: Launching Executing test in C__Users_ShankarMadhavraoBhos_eclipse-workspace_HelloWorldMaven-master_HelloWorldMaven-master] INFO  o.eclipse.m2e.core.internal.Bundles - 	Entry: C:\Users\ShankarMadhavraoBhos\.p2\pool\plugins\org.eclipse.m2e.maven.runtime_3.8.701.20230209-1606\jars\plexus-component-annotations-2.1.0.jar
2023-04-18 13:47:47,116 [Worker-35: Launching Executing test in C__Users_ShankarMadhavraoBhos_eclipse-workspace_HelloWorldMaven-master_HelloWorldMaven-master] INFO  o.eclipse.m2e.core.internal.Bundles - 	Entry: C:\Users\ShankarMadhavraoBhos\.p2\pool\plugins\org.eclipse.m2e.maven.runtime_3.8.701.20230209-1606\jars\plexus-interpolation-1.26.jar
2023-04-18 13:47:47,116 [Worker-35: Launching Executing test in C__Users_ShankarMadhavraoBhos_eclipse-workspace_HelloWorldMaven-master_HelloWorldMaven-master] INFO  o.eclipse.m2e.core.internal.Bundles - 	Entry: C:\Users\ShankarMadhavraoBhos\.p2\pool\plugins\org.eclipse.m2e.maven.runtime_3.8.701.20230209-1606\jars\plexus-sec-dispatcher-2.0.jar
2023-04-18 13:47:47,117 [Worker-35: Launching Executing test in C__Users_ShankarMadhavraoBhos_eclipse-workspace_HelloWorldMaven-master_HelloWorldMaven-master] INFO  o.eclipse.m2e.core.internal.Bundles - 	Entry: C:\Users\ShankarMadhavraoBhos\.p2\pool\plugins\org.eclipse.m2e.maven.runtime_3.8.701.20230209-1606\jars\plexus-utils-3.3.1.jar
2023-04-18 13:47:47,117 [Worker-35: Launching Executing test in C__Users_ShankarMadhavraoBhos_eclipse-workspace_HelloWorldMaven-master_HelloWorldMaven-master] INFO  o.eclipse.m2e.core.internal.Bundles - 	Entry: C:\Users\ShankarMadhavraoBhos\.p2\pool\plugins\org.eclipse.m2e.maven.runtime_3.8.701.20230209-1606\jars\wagon-file-3.5.3.jar
2023-04-18 13:47:47,117 [Worker-35: Launching Executing test in C__Users_ShankarMadhavraoBhos_eclipse-workspace_HelloWorldMaven-master_HelloWorldMaven-master] INFO  o.eclipse.m2e.core.internal.Bundles - 	Entry: C:\Users\ShankarMadhavraoBhos\.p2\pool\plugins\org.eclipse.m2e.maven.runtime_3.8.701.20230209-1606\jars\wagon-provider-api-3.5.3.jar
2023-04-18 13:47:47,119 [Worker-35: Launching Executing test in C__Users_ShankarMadhavraoBhos_eclipse-workspace_HelloWorldMaven-master_HelloWorldMaven-master] INFO  o.eclipse.m2e.core.internal.Bundles - getClasspathEntries(Bundle=com.google.guava_31.1.0.jre [9])
2023-04-18 13:47:47,120 [Worker-35: Launching Executing test in C__Users_ShankarMadhavraoBhos_eclipse-workspace_HelloWorldMaven-master_HelloWorldMaven-master] INFO  o.eclipse.m2e.core.internal.Bundles - 	Entry: C:\Users\ShankarMadhavraoBhos\.p2\pool\plugins\com.google.guava_31.1.0.jre.jar
2023-04-18 13:47:47,120 [Worker-35: Launching Executing test in C__Users_ShankarMadhavraoBhos_eclipse-workspace_HelloWorldMaven-master_HelloWorldMaven-master] INFO  o.eclipse.m2e.core.internal.Bundles - getClasspathEntries(Bundle=slf4j.api_1.7.36 [439])
2023-04-18 13:47:47,121 [Worker-35: Launching Executing test in C__Users_ShankarMadhavraoBhos_eclipse-workspace_HelloWorldMaven-master_HelloWorldMaven-master] INFO  o.eclipse.m2e.core.internal.Bundles - 	Entry: C:\Users\ShankarMadhavraoBhos\.p2\pool\plugins\slf4j.api_1.7.36.jar
2023-04-18 13:47:47,121 [Worker-35: Launching Executing test in C__Users_ShankarMadhavraoBhos_eclipse-workspace_HelloWorldMaven-master_HelloWorldMaven-master] INFO  o.eclipse.m2e.core.internal.Bundles - getClasspathEntries(Bundle=javax.inject_1.0.0.v20220405-0441 [21])
2023-04-18 13:47:47,122 [Worker-35: Launching Executing test in C__Users_ShankarMadhavraoBhos_eclipse-workspace_HelloWorldMaven-master_HelloWorldMaven-master] INFO  o.eclipse.m2e.core.internal.Bundles - 	Entry: C:\Users\ShankarMadhavraoBhos\.p2\pool\plugins\javax.inject_1.0.0.v20220405-0441.jar
2023-04-18 13:47:47,122 [Worker-35: Launching Executing test in C__Users_ShankarMadhavraoBhos_eclipse-workspace_HelloWorldMaven-master_HelloWorldMaven-master] INFO  o.eclipse.m2e.core.internal.Bundles - getClasspathEntries(Bundle=javax.annotation_1.3.5.v20221203-1659 [19])
2023-04-18 13:47:47,123 [Worker-35: Launching Executing test in C__Users_ShankarMadhavraoBhos_eclipse-workspace_HelloWorldMaven-master_HelloWorldMaven-master] INFO  o.eclipse.m2e.core.internal.Bundles - 	Entry: C:\Users\ShankarMadhavraoBhos\.p2\pool\plugins\javax.annotation_1.3.5.v20221203-1659.jar
2023-04-18 13:47:47,123 [Worker-35: Launching Executing test in C__Users_ShankarMadhavraoBhos_eclipse-workspace_HelloWorldMaven-master_HelloWorldMaven-master] INFO  o.eclipse.m2e.core.internal.Bundles - getClasspathEntries(Bundle=org.apache.commons.cli_1.4.0.v20221112-0806 [41])
2023-04-18 13:47:47,124 [Worker-35: Launching Executing test in C__Users_ShankarMadhavraoBhos_eclipse-workspace_HelloWorldMaven-master_HelloWorldMaven-master] INFO  o.eclipse.m2e.core.internal.Bundles - 	Entry: C:\Users\ShankarMadhavraoBhos\.p2\pool\plugins\org.apache.commons.cli_1.4.0.v20221112-0806.jar
2023-04-18 13:47:47,125 [Worker-35: Launching Executing test in C__Users_ShankarMadhavraoBhos_eclipse-workspace_HelloWorldMaven-master_HelloWorldMaven-master] INFO  o.eclipse.m2e.core.internal.Bundles - getClasspathEntries(Bundle=com.google.guava.failureaccess_1.0.1 [11])
2023-04-18 13:47:47,125 [Worker-35: Launching Executing test in C__Users_ShankarMadhavraoBhos_eclipse-workspace_HelloWorldMaven-master_HelloWorldMaven-master] INFO  o.eclipse.m2e.core.internal.Bundles - 	Entry: C:\Users\ShankarMadhavraoBhos\.p2\pool\plugins\com.google.guava.failureaccess_1.0.1.jar
2023-04-18 13:47:47,133 [Worker-35: Launching Executing test in C__Users_ShankarMadhavraoBhos_eclipse-workspace_HelloWorldMaven-master_HelloWorldMaven-master] INFO  o.e.m.i.launch.MavenLaunchDelegate - Run build in "C:\Users\ShankarMadhavraoBhos\eclipse-workspace\HelloWorldMaven-master\HelloWorldMaven-master":
2023-04-18 13:47:47,137 [Worker-35: Launching Executing test in C__Users_ShankarMadhavraoBhos_eclipse-workspace_HelloWorldMaven-master_HelloWorldMaven-master] INFO  o.e.m.i.launch.MavenLaunchDelegate -  mvn  -B -Dstyle.color=always test
2023-04-19 11:36:36,740 [Worker-4: Loading available Gradle versions] INFO  o.e.b.c.i.u.g.PublishedGradleVersions - Gradle version information cache is out-of-date. Trying to update.
2023-04-19 11:36:38,726 [Worker-6: reload maven project] WARN  o.e.m.c.i.embedder.EclipseLogger - The artifact info.cukes:cucumber-junit:pom:1.2.6 has been relocated to io.cucumber:cucumber-junit:pom:1.2.6
2023-04-19 11:47:30,041 [Worker-0: Loading available Gradle versions] INFO  o.e.b.c.i.u.g.PublishedGradleVersions - Gradle version information cache is up-to-date. Trying to read.
2023-04-19 11:47:31,148 [Worker-1: reload maven project] WARN  o.e.m.c.i.embedder.EclipseLogger - The artifact info.cukes:cucumber-junit:pom:1.2.6 has been relocated to io.cucumber:cucumber-junit:pom:1.2.6
2023-04-19 11:51:53,961 [Worker-22: Building] WARN  o.e.m.c.i.embedder.EclipseLogger - Using platform encoding (UTF-8 actually) to copy filtered resources, i.e. build is platform dependent!
2023-04-19 11:51:53,974 [Worker-22: Building] INFO  o.e.m.c.i.embedder.EclipseLogger - Copying 0 resource
2023-04-19 11:51:53,978 [Worker-22: Building] WARN  o.e.m.c.i.embedder.EclipseLogger - Using platform encoding (UTF-8 actually) to copy filtered resources, i.e. build is platform dependent!
2023-04-19 11:51:53,983 [Worker-22: Building] INFO  o.e.m.c.i.embedder.EclipseLogger - Copying 2 resources
2023-04-19 11:51:54,325 [Worker-22: Building] INFO  o.e.m.c.i.embedder.EclipseLogger - Using 'UTF-8' encoding to copy filtered resources.
2023-04-19 11:51:54,326 [Worker-22: Building] INFO  o.e.m.c.i.embedder.EclipseLogger - skip non existing resourceDirectory C:\Users\ShankarMadhavraoBhos\eclipse-workspace\HelloWorldMaven-master\HelloWorldMaven-master\src\main\resources
2023-04-19 11:51:54,331 [Worker-22: Building] INFO  o.e.m.c.i.embedder.EclipseLogger - Using 'UTF-8' encoding to copy filtered resources.
2023-04-19 11:51:54,331 [Worker-22: Building] INFO  o.e.m.c.i.embedder.EclipseLogger - skip non existing resourceDirectory C:\Users\ShankarMadhavraoBhos\eclipse-workspace\HelloWorldMaven-master\HelloWorldMaven-master\src\test\resources
2023-04-19 14:53:43,395 [Worker-26: Building] INFO  o.e.m.c.i.l.LifecycleMappingFactory - Using org.eclipse.m2e.jdt.JarLifecycleMapping lifecycle mapping for MavenProject: com.test:HelloWorldMaven:1.1.1-RELEASE @ C:\Users\ShankarMadhavraoBhos\eclipse-workspace\HelloWorldMaven-master\HelloWorldMaven-master\pom.xml.
2023-04-19 14:53:43,484 [Worker-26: Building] INFO  o.e.m.c.i.e.AbstractTransferListenerAdapter - Downloading http://192.168.1.64:8081/repository/maven-public/org/example/SpringTest/1.0/SpringTest-1.0.pom
2023-04-19 14:53:43,575 [Worker-26: Building] INFO  o.e.m.c.i.e.AbstractTransferListenerAdapter - Downloaded http://192.168.1.64:8081/repository/maven-public/org/example/SpringTest/1.0/SpringTest-1.0.pom
2023-04-19 14:53:50,019 [Worker-26: Building] INFO  o.e.m.c.i.e.AbstractTransferListenerAdapter - Downloading http://192.168.1.64:8081/repository/maven-public/org/springframework/boot/spring-boot-starter-amqp/3.0.5/spring-boot-starter-amqp-3.0.5.pom
2023-04-19 14:53:50,503 [Worker-26: Building] INFO  o.e.m.c.i.e.AbstractTransferListenerAdapter - Downloaded http://192.168.1.64:8081/repository/maven-public/org/springframework/boot/spring-boot-starter-amqp/3.0.5/spring-boot-starter-amqp-3.0.5.pom
2023-04-19 14:53:50,566 [Worker-26: Building] INFO  o.e.m.c.i.e.AbstractTransferListenerAdapter - Downloading http://192.168.1.64:8081/repository/maven-public/org/springframework/spring-messaging/6.0.7/spring-messaging-6.0.7.pom
2023-04-19 14:53:51,007 [Worker-26: Building] INFO  o.e.m.c.i.e.AbstractTransferListenerAdapter - Downloaded http://192.168.1.64:8081/repository/maven-public/org/springframework/spring-messaging/6.0.7/spring-messaging-6.0.7.pom
2023-04-19 14:53:51,096 [Worker-26: Building] INFO  o.e.m.c.i.e.AbstractTransferListenerAdapter - Downloading http://192.168.1.64:8081/repository/maven-public/org/springframework/amqp/spring-rabbit/3.0.3/spring-rabbit-3.0.3.pom
2023-04-19 14:53:51,521 [Worker-26: Building] INFO  o.e.m.c.i.e.AbstractTransferListenerAdapter - Downloaded http://192.168.1.64:8081/repository/maven-public/org/springframework/amqp/spring-rabbit/3.0.3/spring-rabbit-3.0.3.pom
2023-04-19 14:53:51,608 [Worker-26: Building] INFO  o.e.m.c.i.e.AbstractTransferListenerAdapter - Downloading http://192.168.1.64:8081/repository/maven-public/org/springframework/amqp/spring-amqp/3.0.3/spring-amqp-3.0.3.pom
2023-04-19 14:53:52,113 [Worker-26: Building] INFO  o.e.m.c.i.e.AbstractTransferListenerAdapter - Downloaded http://192.168.1.64:8081/repository/maven-public/org/springframework/amqp/spring-amqp/3.0.3/spring-amqp-3.0.3.pom
2023-04-19 14:53:52,215 [Worker-26: Building] INFO  o.e.m.c.i.e.AbstractTransferListenerAdapter - Downloading http://192.168.1.64:8081/repository/maven-public/org/springframework/retry/spring-retry/2.0.1/spring-retry-2.0.1.pom
2023-04-19 14:53:52,755 [Worker-26: Building] INFO  o.e.m.c.i.e.AbstractTransferListenerAdapter - Downloaded http://192.168.1.64:8081/repository/maven-public/org/springframework/retry/spring-retry/2.0.1/spring-retry-2.0.1.pom
2023-04-19 14:53:52,964 [Worker-26: Building] INFO  o.e.m.c.i.e.AbstractTransferListenerAdapter - Downloading http://192.168.1.64:8081/repository/maven-public/com/rabbitmq/amqp-client/5.16.0/amqp-client-5.16.0.pom
2023-04-19 14:53:53,479 [Worker-26: Building] INFO  o.e.m.c.i.e.AbstractTransferListenerAdapter - Downloaded http://192.168.1.64:8081/repository/maven-public/com/rabbitmq/amqp-client/5.16.0/amqp-client-5.16.0.pom
2023-04-19 14:53:53,792 [AetherRepositoryConnector-192.168.1.64-1-1] INFO  o.e.m.c.i.e.AbstractTransferListenerAdapter - Downloading http://192.168.1.64:8081/repository/maven-public/org/example/SpringTest/1.0/SpringTest-1.0.jar
2023-04-19 14:53:54,192 [AetherRepositoryConnector-192.168.1.64-1-2] INFO  o.e.m.c.i.e.AbstractTransferListenerAdapter - Downloading http://192.168.1.64:8081/repository/maven-public/org/springframework/boot/spring-boot-starter-amqp/3.0.5/spring-boot-starter-amqp-3.0.5.jar
2023-04-19 14:53:54,526 [AetherRepositoryConnector-192.168.1.64-1-3] INFO  o.e.m.c.i.e.AbstractTransferListenerAdapter - Downloading http://192.168.1.64:8081/repository/maven-public/org/slf4j/slf4j-api/2.0.4/slf4j-api-2.0.4.jar
2023-04-19 14:53:54,621 [AetherRepositoryConnector-192.168.1.64-1-2] INFO  o.e.m.c.i.e.AbstractTransferListenerAdapter - Downloaded http://192.168.1.64:8081/repository/maven-public/org/springframework/boot/spring-boot-starter-amqp/3.0.5/spring-boot-starter-amqp-3.0.5.jar
2023-04-19 14:53:54,801 [AetherRepositoryConnector-192.168.1.64-1-1] INFO  o.e.m.c.i.e.AbstractTransferListenerAdapter - Downloaded http://192.168.1.64:8081/repository/maven-public/org/example/SpringTest/1.0/SpringTest-1.0.jar
2023-04-19 14:53:54,984 [AetherRepositoryConnector-192.168.1.64-1-3] INFO  o.e.m.c.i.e.AbstractTransferListenerAdapter - Downloaded http://192.168.1.64:8081/repository/maven-public/org/slf4j/slf4j-api/2.0.4/slf4j-api-2.0.4.jar
2023-04-19 14:53:55,144 [AetherRepositoryConnector-192.168.1.64-1-1] INFO  o.e.m.c.i.e.AbstractTransferListenerAdapter - Downloading http://192.168.1.64:8081/repository/maven-public/org/springframework/amqp/spring-amqp/3.0.3/spring-amqp-3.0.3.jar
2023-04-19 14:53:55,310 [AetherRepositoryConnector-192.168.1.64-1-4] INFO  o.e.m.c.i.e.AbstractTransferListenerAdapter - Downloading http://192.168.1.64:8081/repository/maven-public/org/springframework/spring-messaging/6.0.7/spring-messaging-6.0.7.jar
2023-04-19 14:53:55,331 [AetherRepositoryConnector-192.168.1.64-1-3] INFO  o.e.m.c.i.e.AbstractTransferListenerAdapter - Downloading http://192.168.1.64:8081/repository/maven-public/org/springframework/retry/spring-retry/2.0.1/spring-retry-2.0.1.jar
2023-04-19 14:53:55,586 [AetherRepositoryConnector-192.168.1.64-1-2] INFO  o.e.m.c.i.e.AbstractTransferListenerAdapter - Downloading http://192.168.1.64:8081/repository/maven-public/org/springframework/amqp/spring-rabbit/3.0.3/spring-rabbit-3.0.3.jar
2023-04-19 14:53:55,806 [AetherRepositoryConnector-192.168.1.64-1-1] INFO  o.e.m.c.i.e.AbstractTransferListenerAdapter - Downloaded http://192.168.1.64:8081/repository/maven-public/org/springframework/amqp/spring-amqp/3.0.3/spring-amqp-3.0.3.jar
2023-04-19 14:53:55,877 [AetherRepositoryConnector-192.168.1.64-1-3] INFO  o.e.m.c.i.e.AbstractTransferListenerAdapter - Downloaded http://192.168.1.64:8081/repository/maven-public/org/springframework/retry/spring-retry/2.0.1/spring-retry-2.0.1.jar
2023-04-19 14:53:56,183 [AetherRepositoryConnector-192.168.1.64-1-4] INFO  o.e.m.c.i.e.AbstractTransferListenerAdapter - Downloaded http://192.168.1.64:8081/repository/maven-public/org/springframework/spring-messaging/6.0.7/spring-messaging-6.0.7.jar
2023-04-19 14:53:56,429 [AetherRepositoryConnector-192.168.1.64-1-2] INFO  o.e.m.c.i.e.AbstractTransferListenerAdapter - Downloaded http://192.168.1.64:8081/repository/maven-public/org/springframework/amqp/spring-rabbit/3.0.3/spring-rabbit-3.0.3.jar
2023-04-19 14:53:56,838 [AetherRepositoryConnector-192.168.1.64-1-1] INFO  o.e.m.c.i.e.AbstractTransferListenerAdapter - Downloading http://192.168.1.64:8081/repository/maven-public/com/rabbitmq/amqp-client/5.16.0/amqp-client-5.16.0.jar
2023-04-19 14:53:57,858 [AetherRepositoryConnector-192.168.1.64-1-1] INFO  o.e.m.c.i.e.AbstractTransferListenerAdapter - Downloaded http://192.168.1.64:8081/repository/maven-public/com/rabbitmq/amqp-client/5.16.0/amqp-client-5.16.0.jar
2023-04-19 14:54:03,932 [Worker-21: Download sources and javadoc] INFO  o.e.m.c.i.e.AbstractTransferListenerAdapter - Downloaded http://192.168.1.64:8081/repository/maven-public/org/example/SpringTest/1.0/SpringTest-1.0-sources.jar
2023-04-19 14:54:03,967 [Worker-21: Download sources and javadoc] ERROR o.e.m.j.internal.DownloadSourcesJob - Could not download sources for org.example:SpringTest:1.0
org.eclipse.core.runtime.CoreException: Could not resolve artifact org.example:SpringTest:jar:sources:1.0
	at org.eclipse.m2e.core.internal.embedder.MavenImpl.lambda$6(MavenImpl.java:584)
	at org.eclipse.m2e.core.internal.embedder.MavenExecutionContext.executeBare(MavenExecutionContext.java:394)
	at org.eclipse.m2e.core.internal.embedder.MavenExecutionContext.execute(MavenExecutionContext.java:228)
	at org.eclipse.m2e.core.internal.embedder.MavenExecutionContext.execute(MavenExecutionContext.java:214)
	at org.eclipse.m2e.core.internal.embedder.MavenImpl.resolve(MavenImpl.java:553)
	at org.eclipse.m2e.core.internal.embedder.MavenImpl.resolve(MavenImpl.java:538)
	at org.eclipse.m2e.jdt.internal.DownloadSourcesJob.download(DownloadSourcesJob.java:308)
	at org.eclipse.m2e.jdt.internal.DownloadSourcesJob.downloadAttachments(DownloadSourcesJob.java:282)
	at org.eclipse.m2e.jdt.internal.DownloadSourcesJob.downloadMaven(DownloadSourcesJob.java:252)
	at org.eclipse.m2e.jdt.internal.DownloadSourcesJob.downloadFilesAndPopulateToUpdate(DownloadSourcesJob.java:220)
	at org.eclipse.m2e.jdt.internal.DownloadSourcesJob.lambda$0(DownloadSourcesJob.java:149)
	at org.eclipse.m2e.core.internal.embedder.MavenExecutionContext.executeBare(MavenExecutionContext.java:394)
	at org.eclipse.m2e.core.internal.embedder.MavenExecutionContext.execute(MavenExecutionContext.java:275)
	at org.eclipse.m2e.core.internal.embedder.MavenExecutionContext.execute(MavenExecutionContext.java:214)
	at org.eclipse.m2e.core.embedder.IMaven.execute(IMaven.java:294)
	at org.eclipse.m2e.jdt.internal.DownloadSourcesJob.run(DownloadSourcesJob.java:149)
	at org.eclipse.core.internal.jobs.Worker.run(Worker.java:63)
2023-04-19 14:54:04,862 [Worker-21: Download sources and javadoc] INFO  o.e.m.c.i.e.AbstractTransferListenerAdapter - Downloading http://192.168.1.64:8081/repository/maven-public/org/slf4j/slf4j-api/2.0.4/slf4j-api-2.0.4-sources.jar
2023-04-19 14:54:05,542 [Worker-21: Download sources and javadoc] INFO  o.e.m.c.i.e.AbstractTransferListenerAdapter - Downloaded http://192.168.1.64:8081/repository/maven-public/org/slf4j/slf4j-api/2.0.4/slf4j-api-2.0.4-sources.jar
2023-04-19 14:54:05,558 [Worker-21: Download sources and javadoc] INFO  o.e.m.j.internal.DownloadSourcesJob - Downloaded sources for org.slf4j:slf4j-api:2.0.4
2023-04-19 14:54:05,949 [Worker-21: Download sources and javadoc] INFO  o.e.m.c.i.e.AbstractTransferListenerAdapter - Downloading http://192.168.1.64:8081/repository/maven-public/org/springframework/boot/spring-boot-starter-amqp/3.0.5/spring-boot-starter-amqp-3.0.5-sources.jar
2023-04-19 14:54:06,421 [Worker-21: Download sources and javadoc] INFO  o.e.m.c.i.e.AbstractTransferListenerAdapter - Downloaded http://192.168.1.64:8081/repository/maven-public/org/springframework/boot/spring-boot-starter-amqp/3.0.5/spring-boot-starter-amqp-3.0.5-sources.jar
2023-04-19 14:54:06,444 [Worker-21: Download sources and javadoc] INFO  o.e.m.j.internal.DownloadSourcesJob - Downloaded sources for org.springframework.boot:spring-boot-starter-amqp:3.0.5
2023-04-19 14:54:15,349 [Worker-26: Building] INFO  o.e.m.c.i.embedder.EclipseLogger - Using 'UTF-8' encoding to copy filtered resources.
2023-04-19 14:54:15,350 [Worker-26: Building] INFO  o.e.m.c.i.embedder.EclipseLogger - skip non existing resourceDirectory C:\Users\ShankarMadhavraoBhos\eclipse-workspace\HelloWorldMaven-master\HelloWorldMaven-master\src\main\resources
2023-04-19 14:54:15,358 [Worker-26: Building] INFO  o.e.m.c.i.embedder.EclipseLogger - Using 'UTF-8' encoding to copy filtered resources.
2023-04-19 14:54:15,359 [Worker-26: Building] INFO  o.e.m.c.i.embedder.EclipseLogger - skip non existing resourceDirectory C:\Users\ShankarMadhavraoBhos\eclipse-workspace\HelloWorldMaven-master\HelloWorldMaven-master\src\test\resources
2023-04-19 14:54:22,937 [Worker-26: Updating Maven Project] INFO  o.e.m.c.i.p.ProjectConfigurationManager - Update started
2023-04-19 14:54:23,573 [Worker-26: Updating Maven Project] INFO  o.e.m.c.i.l.LifecycleMappingFactory - Using org.eclipse.m2e.jdt.JarLifecycleMapping lifecycle mapping for MavenProject: com.test:HelloWorldMaven:1.1.1-RELEASE @ C:\Users\ShankarMadhavraoBhos\eclipse-workspace\HelloWorldMaven-master\HelloWorldMaven-master\pom.xml.
2023-04-19 14:54:24,301 [Worker-26: Updating Maven Project] INFO  o.e.m.j.i.AbstractJavaProjectConfigurator - Adding source folder /HelloWorldMaven/src/main/java
2023-04-19 14:54:24,323 [Worker-26: Updating Maven Project] INFO  o.e.m.j.i.AbstractJavaProjectConfigurator - Adding source folder /HelloWorldMaven/src/test/java
2023-04-19 14:54:25,342 [Worker-26: Updating Maven Project] INFO  o.e.m.c.i.p.ProjectConfigurationManager - Update completed for 1 poms: local refresh takes 0.00 sec, refresh facades takes 1.00 sec, update config takes 1.00 sec 
2023-04-19 14:54:25,834 [Worker-26: Building] INFO  o.e.m.c.i.embedder.EclipseLogger - Using 'UTF-8' encoding to copy filtered resources.
2023-04-19 14:54:25,834 [Worker-26: Building] INFO  o.e.m.c.i.embedder.EclipseLogger - skip non existing resourceDirectory C:\Users\ShankarMadhavraoBhos\eclipse-workspace\HelloWorldMaven-master\HelloWorldMaven-master\src\main\resources
2023-04-19 14:54:25,844 [Worker-26: Building] INFO  o.e.m.c.i.embedder.EclipseLogger - Using 'UTF-8' encoding to copy filtered resources.
2023-04-19 14:54:25,845 [Worker-26: Building] INFO  o.e.m.c.i.embedder.EclipseLogger - skip non existing resourceDirectory C:\Users\ShankarMadhavraoBhos\eclipse-workspace\HelloWorldMaven-master\HelloWorldMaven-master\src\test\resources
2023-04-19 14:54:26,119 [Worker-21: Download sources and javadoc] INFO  o.e.m.c.i.e.AbstractTransferListenerAdapter - Downloading http://192.168.1.64:8081/repository/maven-public/org/springframework/spring-messaging/6.0.7/spring-messaging-6.0.7-sources.jar
2023-04-19 14:54:28,082 [Worker-21: Download sources and javadoc] INFO  o.e.m.c.i.e.AbstractTransferListenerAdapter - Downloaded http://192.168.1.64:8081/repository/maven-public/org/springframework/spring-messaging/6.0.7/spring-messaging-6.0.7-sources.jar
2023-04-19 14:54:28,103 [Worker-21: Download sources and javadoc] INFO  o.e.m.j.internal.DownloadSourcesJob - Downloaded sources for org.springframework:spring-messaging:6.0.7
2023-04-19 14:54:30,939 [Worker-21: Download sources and javadoc] INFO  o.e.m.c.i.e.AbstractTransferListenerAdapter - Downloading http://192.168.1.64:8081/repository/maven-public/org/springframework/amqp/spring-rabbit/3.0.3/spring-rabbit-3.0.3-sources.jar
2023-04-19 14:54:32,584 [Worker-21: Download sources and javadoc] INFO  o.e.m.c.i.e.AbstractTransferListenerAdapter - Downloaded http://192.168.1.64:8081/repository/maven-public/org/springframework/amqp/spring-rabbit/3.0.3/spring-rabbit-3.0.3-sources.jar
2023-04-19 14:54:32,606 [Worker-21: Download sources and javadoc] INFO  o.e.m.j.internal.DownloadSourcesJob - Downloaded sources for org.springframework.amqp:spring-rabbit:3.0.3
2023-04-19 14:54:34,103 [Worker-21: Download sources and javadoc] INFO  o.e.m.c.i.e.AbstractTransferListenerAdapter - Downloading http://192.168.1.64:8081/repository/maven-public/org/springframework/amqp/spring-amqp/3.0.3/spring-amqp-3.0.3-sources.jar
2023-04-19 14:54:35,027 [Worker-21: Download sources and javadoc] INFO  o.e.m.c.i.e.AbstractTransferListenerAdapter - Downloaded http://192.168.1.64:8081/repository/maven-public/org/springframework/amqp/spring-amqp/3.0.3/spring-amqp-3.0.3-sources.jar
2023-04-19 14:54:35,046 [Worker-21: Download sources and javadoc] INFO  o.e.m.j.internal.DownloadSourcesJob - Downloaded sources for org.springframework.amqp:spring-amqp:3.0.3
2023-04-19 14:54:36,308 [Worker-21: Download sources and javadoc] INFO  o.e.m.c.i.e.AbstractTransferListenerAdapter - Downloading http://192.168.1.64:8081/repository/maven-public/org/springframework/retry/spring-retry/2.0.1/spring-retry-2.0.1-sources.jar
2023-04-19 14:54:37,074 [Worker-21: Download sources and javadoc] INFO  o.e.m.c.i.e.AbstractTransferListenerAdapter - Downloaded http://192.168.1.64:8081/repository/maven-public/org/springframework/retry/spring-retry/2.0.1/spring-retry-2.0.1-sources.jar
2023-04-19 14:54:37,091 [Worker-21: Download sources and javadoc] INFO  o.e.m.j.internal.DownloadSourcesJob - Downloaded sources for org.springframework.retry:spring-retry:2.0.1
2023-04-19 14:54:42,807 [Worker-21: Download sources and javadoc] INFO  o.e.m.c.i.e.AbstractTransferListenerAdapter - Downloading http://192.168.1.64:8081/repository/maven-public/com/rabbitmq/amqp-client/5.16.0/amqp-client-5.16.0-sources.jar
2023-04-19 14:54:47,214 [Worker-21: Download sources and javadoc] INFO  o.e.m.c.i.e.AbstractTransferListenerAdapter - Downloaded http://192.168.1.64:8081/repository/maven-public/com/rabbitmq/amqp-client/5.16.0/amqp-client-5.16.0-sources.jar
2023-04-19 14:54:47,233 [Worker-21: Download sources and javadoc] INFO  o.e.m.j.internal.DownloadSourcesJob - Downloaded sources for com.rabbitmq:amqp-client:5.16.0
